
> dim = 2

> U <- matrix(rnorm(N * dim), nrow = dim)

> V <- matrix(rnorm(M * dim), nrow = dim)

> par_pmf(train, t(U), t(V))
[1]     62.9745 559111.1029 372086.4499

> dim = 2

> U <- matrix(rnorm(N * dim), nrow = dim)

> V <- matrix(rnorm(M * dim), nrow = dim)

> pred_pmf(test, t(U), t(V))$rmae
NULL

Attaching package: ‘dplyr’

The following objects are masked from ‘package:stats’:

    filter, lag

The following objects are masked from ‘package:base’:

    intersect, setdiff, setequal, union

[1] 0.003 1.000 1.000
[1] 8
[1] "2022-04-20 21:27:04 HKT"
Epoch 1 	 loss: 9826035.23662279 	 dlt: 0.999999371580949
mae: 7.52456059681022 	rmse: 7.75990673170978 	par: 0.003 1 1 
[1] "2022-04-20 21:27:10 HKT"
Epoch 3 	 loss: 7411673.62357084 	 dlt: 0.178637557136286
mae: 5.85520916988039 	rmse: 6.37540755411506 	par: 0.003 1 1 
[1] "2022-04-20 21:27:16 HKT"
Epoch 5 	 loss: 4597134.81652183 	 dlt: 0.204984673302963
mae: 3.89946294304676 	rmse: 4.64027555807485 	par: 0.003 1 1 
[1] "2022-04-20 21:27:23 HKT"
Epoch 7 	 loss: 3179314.9445134 	 dlt: 0.157456005558093
mae: 2.8976676248238 	rmse: 3.65938384263234 	par: 0.003 1 1 
[1] "2022-04-20 21:27:29 HKT"
Epoch 9 	 loss: 2399426.40158211 	 dlt: 0.12502947273872
mae: 2.40006895899877 	rmse: 3.12085309082243 	par: 0.003 1 1 
[1] "2022-04-20 21:27:35 HKT"
Epoch 11 	 loss: 1909365.3379499 	 dlt: 0.103384898912856
mae: 2.13215103406906 	rmse: 2.80442568156038 	par: 0.003 1 1 
[1] "2022-04-20 21:27:41 HKT"
Epoch 13 	 loss: 1566388.93931996 	 dlt: 0.0909866225091133
mae: 1.96390658127398 	rmse: 2.59635687154826 	par: 0.003 1 1 
[1] "2022-04-20 21:27:47 HKT"
Epoch 15 	 loss: 1312838.99408953 	 dlt: 0.082970922602288
mae: 1.85611735257488 	rmse: 2.45831794086983 	par: 0.003 1 1 
[1] "2022-04-20 21:27:54 HKT"
Epoch 17 	 loss: 1122570.08826622 	 dlt: 0.0745849280069343
mae: 1.78857073271769 	rmse: 2.36810777268911 	par: 0.003 1 1 
[1] "2022-04-20 21:28:00 HKT"
Epoch 19 	 loss: 961234.407717132 	 dlt: 0.0796980057423425
mae: 1.73041259105375 	rmse: 2.28640309926844 	par: 0.003 1 1 
[1] "2022-04-20 21:28:06 HKT"
Epoch 21 	 loss: 834488.966532176 	 dlt: 0.0656800911590958
mae: 1.69197937184188 	rmse: 2.23192838068382 	par: 0.003 1 1 
[1] "2022-04-20 21:28:12 HKT"
Epoch 23 	 loss: 731569.187043291 	 dlt: 0.0604845067006949
mae: 1.6610114021237 	rmse: 2.19182672123639 	par: 0.003 1 1 
[1] "2022-04-20 21:28:19 HKT"
Epoch 25 	 loss: 638892.554904125 	 dlt: 0.0627498278682587
mae: 1.63256838776424 	rmse: 2.14989969545234 	par: 0.003 1 1 
[1] "2022-04-20 21:28:25 HKT"
Epoch 27 	 loss: 562675.522475978 	 dlt: 0.0606823254050935
mae: 1.61378093865085 	rmse: 2.12275468406755 	par: 0.003 1 1 
[1] "2022-04-20 21:28:31 HKT"
Epoch 29 	 loss: 494540.197616733 	 dlt: 0.0687248092072863
mae: 1.59367192286178 	rmse: 2.09730296070022 	par: 0.003 1 1 
[1] "2022-04-20 21:28:37 HKT"
Epoch 31 	 loss: 445040.970194263 	 dlt: 0.0479816020933492
mae: 1.59792922212918 	rmse: 2.10866901583663 	par: 0.003 1 1 
[1] "2022-04-20 21:28:44 HKT"
Epoch 33 	 loss: 393092.526013747 	 dlt: 0.0644256185697029
mae: 1.59414916421295 	rmse: 2.10548597620503 	par: 0.003 1 1 
[1] "2022-04-20 21:28:50 HKT"
Epoch 35 	 loss: 333836.85697064 	 dlt: 0.0717094782984336
mae: 1.5646898041418 	rmse: 2.06186387490551 	par: 0.003 1 1 
[1] "2022-04-20 21:28:56 HKT"
Epoch 37 	 loss: 292543.099280335 	 dlt: 0.0675926185207075
mae: 1.55900830407008 	rmse: 2.05701910160017 	par: 0.003 1 1 
[1] "2022-04-20 21:29:02 HKT"
Epoch 39 	 loss: 253256.543337432 	 dlt: 0.0644431171077188
mae: 1.5495064029294 	rmse: 2.04216687497901 	par: 0.003 1 1 
[1] "2022-04-20 21:29:08 HKT"
Epoch 41 	 loss: 224776.780945249 	 dlt: 0.0578861465575856
mae: 1.5513534757815 	rmse: 2.04527098305404 	par: 0.003 1 1 
[1] "2022-04-20 21:29:15 HKT"
Epoch 43 	 loss: 206211.0626355 	 dlt: 0.039522178060807
mae: 1.56347879037711 	rmse: 2.06041356427938 	par: 0.003 1 1 
[1] "2022-04-20 21:29:21 HKT"
Epoch 45 	 loss: 181509.685696139 	 dlt: 0.0481336302816302
mae: 1.5465028467254 	rmse: 2.04151309931057 	par: 0.003 1 1 
[1] "2022-04-20 21:29:27 HKT"
Epoch 47 	 loss: 174527.06564943 	 dlt: 0.00250937221854108
mae: 1.55990418667998 	rmse: 2.06270192049251 	par: 0.003 1 1 
[1] "2022-04-20 21:29:34 HKT"
Epoch 49 	 loss: 178865.413632541 	 dlt: 0.0410790531842759
mae: 1.60043241273161 	rmse: 2.13262794611809 	par: 0.003 1 1 

> dim = 2

> U <- matrix(rnorm(N * dim), nrow = dim)

> V <- matrix(rnorm(M * dim), nrow = dim)

> par_pmf(train, t(U), t(V))
[1]     62.81962 556509.20440 371199.51710

> dim = 2

> U <- matrix(rnorm(N * dim), nrow = dim)

> V <- matrix(rnorm(M * dim), nrow = dim)

> pred_pmf(test, t(U), t(V))$rmae
NULL

Attaching package: ‘dplyr’

The following objects are masked from ‘package:stats’:

    filter, lag

The following objects are masked from ‘package:base’:

    intersect, setdiff, setequal, union

[1] 3e-06 1e+00 1e+00
[1] 8
[1] "2022-04-21 16:28:55 HKT"
Epoch 1 	 loss: 9825984.9296459 	 dlt: 0.0372349013126634
mae: 7.52454018567934 	rmse: 7.75989190474339 	par: 3e-06 1 1 
[1] "2022-04-21 16:29:00 HKT"
Epoch 3 	 loss: 7410914.90926478 	 dlt: 0.178693918769396
mae: 5.85470516678576 	rmse: 6.37500550406508 	par: 3e-06 1 1 
[1] "2022-04-21 16:29:04 HKT"
Epoch 5 	 loss: 4595385.09659778 	 dlt: 0.205107480467771
mae: 3.89850814060357 	rmse: 4.63931431226231 	par: 3e-06 1 1 
[1] "2022-04-21 16:29:09 HKT"
Epoch 7 	 loss: 3176742.30286142 	 dlt: 0.15766607900165
mae: 2.8963835949257 	rmse: 3.65790139162538 	par: 3e-06 1 1 
[1] "2022-04-21 16:29:13 HKT"
Epoch 9 	 loss: 2396306.39918154 	 dlt: 0.125264950036834
mae: 2.39866645375891 	rmse: 3.11906708583974 	par: 3e-06 1 1 
[1] "2022-04-21 16:29:18 HKT"
Epoch 11 	 loss: 1905794.47613014 	 dlt: 0.10360607155432
mae: 2.13081922340667 	rmse: 2.80259709516796 	par: 3e-06 1 1 
[1] "2022-04-21 16:29:23 HKT"
Epoch 13 	 loss: 1562309.80425039 	 dlt: 0.0913431618259228
mae: 1.9623388937517 	rmse: 2.59417180799066 	par: 3e-06 1 1 
[1] "2022-04-21 16:29:27 HKT"
Epoch 15 	 loss: 1308485.03176886 	 dlt: 0.0823981122596399
mae: 1.85457616666082 	rmse: 2.45615448352146 	par: 3e-06 1 1 
[1] "2022-04-21 16:29:32 HKT"
Epoch 17 	 loss: 1117712.9489109 	 dlt: 0.0750748091083824
mae: 1.7866753339879 	rmse: 2.36550312859178 	par: 3e-06 1 1 
[1] "2022-04-21 16:29:36 HKT"
Epoch 19 	 loss: 955389.873303026 	 dlt: 0.079591609411018
mae: 1.72897633654077 	rmse: 2.28423424961045 	par: 3e-06 1 1 
[1] "2022-04-21 16:29:41 HKT"
Epoch 21 	 loss: 828454.25896079 	 dlt: 0.0672383790610973
mae: 1.69042689311945 	rmse: 2.22977868488689 	par: 3e-06 1 1 
[1] "2022-04-21 16:29:46 HKT"
Epoch 23 	 loss: 726638.17052767 	 dlt: 0.0604716392857057
mae: 1.65978674754895 	rmse: 2.19018935970103 	par: 3e-06 1 1 
[1] "2022-04-21 16:29:50 HKT"
Epoch 25 	 loss: 633457.430545081 	 dlt: 0.0638620498698789
mae: 1.63065992375505 	rmse: 2.14742790262039 	par: 3e-06 1 1 
[1] "2022-04-21 16:29:55 HKT"
Epoch 27 	 loss: 557331.102496809 	 dlt: 0.0611845273943012
mae: 1.61259998764241 	rmse: 2.12106878337967 	par: 3e-06 1 1 
[1] "2022-04-21 16:29:59 HKT"
Epoch 29 	 loss: 488862.70512202 	 dlt: 0.0703315834905473
mae: 1.59213833803141 	rmse: 2.09511806789197 	par: 3e-06 1 1 
[1] "2022-04-21 16:30:04 HKT"
Epoch 31 	 loss: 438676.878928633 	 dlt: 0.0480307892320742
mae: 1.59639256937062 	rmse: 2.10684799217494 	par: 3e-06 1 1 
[1] "2022-04-21 16:30:10 HKT"
Epoch 33 	 loss: 389905.440070498 	 dlt: 0.0619528594861709
mae: 1.59693792657993 	rmse: 2.11093676650274 	par: 3e-06 1 1 
[1] "2022-04-21 16:30:15 HKT"
Epoch 35 	 loss: 330087.137875387 	 dlt: 0.0720933006293137
mae: 1.5666848288575 	rmse: 2.06569937227998 	par: 3e-06 1 1 
[1] "2022-04-21 16:30:21 HKT"
Epoch 37 	 loss: 289354.521195685 	 dlt: 0.0681674889586995
mae: 1.56191340841427 	rmse: 2.06228843443617 	par: 3e-06 1 1 
[1] "2022-04-21 16:30:26 HKT"
Epoch 39 	 loss: 247991.828260354 	 dlt: 0.068582279135477
mae: 1.54779432082814 	rmse: 2.04076333170579 	par: 3e-06 1 1 
[1] "2022-04-21 16:30:32 HKT"
Epoch 41 	 loss: 219517.022674406 	 dlt: 0.0604473257196627
mae: 1.54919044430398 	rmse: 2.04304202816167 	par: 3e-06 1 1 
[1] "2022-04-21 16:30:38 HKT"
Epoch 43 	 loss: 199711.540913049 	 dlt: 0.0401870100018821
mae: 1.55835772347723 	rmse: 2.05374574743582 	par: 3e-06 1 1 
[1] "2022-04-21 16:30:42 HKT"
Epoch 45 	 loss: 176926.634899149 	 dlt: 0.0486130021969479
mae: 1.5448896220952 	rmse: 2.04035656497165 	par: 3e-06 1 1 
[1] "2022-04-21 16:30:47 HKT"
Epoch 47 	 loss: 168739.172594632 	 dlt: 0.0152930117210816
mae: 1.56126586411158 	rmse: 2.06575129742347 	par: 3e-06 1 1 
[1] "2022-04-21 16:30:52 HKT"
Epoch 49 	 loss: 178663.555284686 	 dlt: 0.0476197657118323
mae: 1.60542591885807 	rmse: 2.14439738237148 	par: 3e-06 1 1 

Attaching package: ‘dplyr’

The following objects are masked from ‘package:stats’:

    filter, lag

The following objects are masked from ‘package:base’:

    intersect, setdiff, setequal, union


> dim = 2

> U <- matrix(rnorm(N * dim), nrow = dim)

> V <- matrix(rnorm(M * dim), nrow = dim)

> par_pmf(train, t(U), t(V))
[1]     63.04018 557585.76499 370957.35198

> dim = 2

> U <- matrix(rnorm(N * dim), nrow = dim)

> V <- matrix(rnorm(M * dim), nrow = dim)

> pred_pmf(test, t(U), t(V))$rmae
NULL
[1] 1e-04 1e+00 1e+00
[1] 8
[1] "2022-04-21 16:35:28 HKT"
Epoch 1 	 loss: 231924.91029324 	 dlt: 0.00758606006432178
mae: 1.54528228696801 	rmse: 2.03703331806523 
[1] "2022-04-21 16:35:44 HKT"
Epoch 3 	 loss: 230556.948453048 	 dlt: 0.00272054820259426
mae: 1.54387927062927 	rmse: 2.03566343122407 
[1] "2022-04-21 16:36:01 HKT"
Epoch 5 	 loss: 228983.267139873 	 dlt: 0.0026751468757375
mae: 1.54064253448727 	rmse: 2.0325736623451 
[1] "2022-04-21 16:36:18 HKT"
Epoch 7 	 loss: 228253.188403998 	 dlt: 0.00172931128889586
mae: 1.5402099850356 	rmse: 2.03244833878662 
[1] "2022-04-21 16:36:34 HKT"
Epoch 9 	 loss: 227346.760785809 	 dlt: 0.00129223788291816
mae: 1.53901643972187 	rmse: 2.03154719454152 
[1] "2022-04-21 16:36:50 HKT"
Epoch 11 	 loss: 226754.659371554 	 dlt: 0.00123707681531761
mae: 1.53878502297274 	rmse: 2.03145314925482 
[1] "2022-04-21 16:37:06 HKT"
Epoch 13 	 loss: 226130.025006032 	 dlt: 0.00116469202687291
mae: 1.53819521406695 	rmse: 2.03131676972869 
