
Attaching package: ‘dplyr’

The following objects are masked from ‘package:stats’:

    filter, lag

The following objects are masked from ‘package:base’:

    intersect, setdiff, setequal, union


> dim = 2

> Y <- matrix(rnorm(N * dim), nrow = dim)

> W <- matrix(rnorm(M * dim), nrow = dim)

> aaa <- user_cpmf(read, t(Y), t(W))

> dim = 2

> Y <- matrix(rnorm(N * dim), nrow = dim)

> V <- matrix(rnorm(M * dim), nrow = dim)

> W <- matrix(rnorm(M * dim), nrow = dim)

> Ut <- user_cpmf(read, t(Y), t(W))

> loss_cpmf_aux(train, t(Y), t(V), t(W), Ut, 1, 1, 1)
[1] 26406.58

> dim = 2

> Y <- matrix(rnorm(N * dim), nrow = dim)

> V <- matrix(rnorm(M * dim), nrow = dim)

> W <- matrix(rnorm(M * dim), nrow = dim)

> Ut <- user_cpmf(read, t(Y), t(W))

> pred_cpmf(test, Ut, t(V))$mae
[1] 0.3611467
[1] 0.0000100 0.6666667 1.0000000 0.3333333
[1] 8
[1] "2022-04-21 17:15:37 HKT"
Epoch 1 	 loss: 13178.5337861321 	 dlt: 0.178027601428891
mae: 0.285246345378732 	rmse: 0.332179228109495 
[1] "2022-04-21 17:15:48 HKT"
Epoch 3 	 loss: 13084.8650784427 	 dlt: 0.141728688203654
mae: 0.184056205703962 	rmse: 0.245097737899074 
[1] "2022-04-21 17:15:58 HKT"
Epoch 5 	 loss: 20836.8399078184 	 dlt: 0.197429509287728
mae: 0.179262754127585 	rmse: 0.242528353591241 
[1] "2022-04-21 17:16:08 HKT"
Epoch 7 	 loss: 26218.5593064551 	 dlt: 0.108309263197648
mae: 0.180730941404552 	rmse: 0.246480524951881 
[1] "2022-04-21 17:16:18 HKT"
Epoch 9 	 loss: 31264.0829413065 	 dlt: 0.0695570218271231
mae: 0.182019245759604 	rmse: 0.248792702077991 
[1] "2022-04-21 17:16:29 HKT"
Epoch 11 	 loss: 34235.0086741575 	 dlt: 0.0403259795662129
mae: 0.183917438878482 	rmse: 0.251863999954584 
[1] "2022-04-21 17:16:38 HKT"
Epoch 13 	 loss: 46638.9145481235 	 dlt: 0.213764715796883
mae: 0.213824259524939 	rmse: 0.288025306606967 
[1] "2022-04-21 17:16:49 HKT"
Epoch 15 	 loss: 44954.5069837776 	 dlt: 0.0308723196963227
mae: 0.193579721541369 	rmse: 0.266116699985712 

Execution halted

Attaching package: ‘dplyr’

The following objects are masked from ‘package:stats’:

    filter, lag

The following objects are masked from ‘package:base’:

    intersect, setdiff, setequal, union


> dim = 2

> Y <- matrix(rnorm(N * dim), nrow = dim)

> W <- matrix(rnorm(M * dim), nrow = dim)

> aaa <- user_cpmf(read, t(Y), t(W))

> dim = 2

> Y <- matrix(rnorm(N * dim), nrow = dim)

> V <- matrix(rnorm(M * dim), nrow = dim)

> W <- matrix(rnorm(M * dim), nrow = dim)

> Ut <- user_cpmf(read, t(Y), t(W))

> loss_cpmf_aux(train, t(Y), t(V), t(W), Ut, 1, 1, 1)
[1] 26724.8

> dim = 2

> Y <- matrix(rnorm(N * dim), nrow = dim)

> V <- matrix(rnorm(M * dim), nrow = dim)

> W <- matrix(rnorm(M * dim), nrow = dim)

> Ut <- user_cpmf(read, t(Y), t(W))

> pred_cpmf(test, Ut, t(V))$mae
[1] 0.3603929
[1] 1e-05 5e-01 1e+00 5e-01
[1] 8
[1] "2022-04-21 17:25:14 HKT"
Epoch 1 	 loss: 13154.4950665122 	 dlt: 0.179526946071108
mae: 0.285248058549416 	rmse: 0.332181233746743 
[1] "2022-04-21 17:25:24 HKT"
Epoch 3 	 loss: 13927.0780253589 	 dlt: 0.308748573868708
mae: 0.186088026136265 	rmse: 0.247377442340151 
[1] "2022-04-21 17:25:34 HKT"
Epoch 5 	 loss: 20142.0526624461 	 dlt: 0.13842478887343
mae: 0.18332639499219 	rmse: 0.247978446590286 
[1] "2022-04-21 17:25:45 HKT"
Epoch 7 	 loss: 24003.1539607176 	 dlt: 0.0807035431059174
mae: 0.183876322782046 	rmse: 0.250044324362239 
[1] "2022-04-21 17:25:55 HKT"
Epoch 9 	 loss: 27666.0523294799 	 dlt: 0.0638207603446211
mae: 0.185784794925033 	rmse: 0.252828787230081 
[1] "2022-04-21 17:26:05 HKT"
Epoch 11 	 loss: 30223.1034804296 	 dlt: 0.0408578486943412
mae: 0.186392970518176 	rmse: 0.254305784334794 
[1] "2022-04-21 17:26:14 HKT"
Epoch 13 	 loss: 40420.3927856422 	 dlt: 0.210167112484503
mae: 0.206452486067776 	rmse: 0.278821109497288 
[1] "2022-04-21 17:26:24 HKT"
Epoch 15 	 loss: 38765.3633106973 	 dlt: 0.0333864859276861
mae: 0.192736841564394 	rmse: 0.263622215217775 
[1] "2022-04-21 17:26:35 HKT"
Epoch 17 	 loss: 40443.0123383344 	 dlt: 0.0162221674902966
mae: 0.193958332262733 	rmse: 0.264951434586487 
[1] "2022-04-21 17:26:46 HKT"
Epoch 19 	 loss: 41548.116039447 	 dlt: 0.0098006958154049
mae: 0.194521965418068 	rmse: 0.265205282308538 
[1] "2022-04-21 17:26:56 HKT"
Epoch 21 	 loss: 42147.4876186914 	 dlt: 0.00551604710332753
mae: 0.195385403443263 	rmse: 0.265977180628225 
[1] "2022-04-21 17:27:06 HKT"
Epoch 23 	 loss: 42831.0522037005 	 dlt: 0.0108676418706156
mae: 0.1959147731849 	rmse: 0.267090938508608 
[1] "2022-04-21 17:27:15 HKT"
Epoch 25 	 loss: 43441.5789164419 	 dlt: 0.00204588540025185
mae: 0.195822261967913 	rmse: 0.266951215266885 
[1] "2022-04-21 17:27:25 HKT"
Epoch 27 	 loss: 43534.9698071888 	 dlt: 0.00247196114971415
mae: 0.195738316604353 	rmse: 0.266486965895797 
[1] "2022-04-21 17:27:35 HKT"
Epoch 29 	 loss: 43796.9085765716 	 dlt: 0.00452391318397915
mae: 0.195745169287093 	rmse: 0.26687526354633 
[1] "2022-04-21 17:27:45 HKT"
Epoch 31 	 loss: 44300.3874735939 	 dlt: 0.00300669945244775
mae: 0.196154617080787 	rmse: 0.267162910220842 
[1] "2022-04-21 17:27:55 HKT"
Epoch 33 	 loss: 44629.2078382665 	 dlt: 0.00423230105813542
mae: 0.196279678540785 	rmse: 0.267534929961338 
[1] "2022-04-21 17:28:04 HKT"
Epoch 35 	 loss: 44638.7481865576 	 dlt: 0.00155454051357522
mae: 0.195791424895586 	rmse: 0.26694622379852 
[1] "2022-04-21 17:28:14 HKT"
Epoch 37 	 loss: 44976.7262509455 	 dlt: 0.00418282424216741
mae: 0.195835967333392 	rmse: 0.267216342019756 
[1] "2022-04-21 17:28:24 HKT"
Epoch 39 	 loss: 45029.3287552591 	 dlt: 0.000617967389682978
mae: 0.197465192654741 	rmse: 0.269317712201381 
[1] "2022-04-21 17:28:34 HKT"
Epoch 41 	 loss: 45594.3483618613 	 dlt: 0.00931763693851902
mae: 0.198940232614447 	rmse: 0.271685315614964 
[1] "2022-04-21 17:28:44 HKT"
Epoch 43 	 loss: 46131.4347774226 	 dlt: 0.00341825668245717
mae: 0.199909887222105 	rmse: 0.273190315388335 
[1] "2022-04-21 17:28:54 HKT"
Epoch 45 	 loss: 46825.319904499 	 dlt: 0.00868631987181931
mae: 0.201122812067021 	rmse: 0.274659348902033 
[1] "2022-04-21 17:29:03 HKT"
Epoch 47 	 loss: 47039.7388462591 	 dlt: 0.00275406569131775
mae: 0.20105257206894 	rmse: 0.27418593518282 
[1] "2022-04-21 17:29:13 HKT"
Epoch 49 	 loss: 47275.5597501597 	 dlt: 0.000181613936277847
mae: 0.201535686202084 	rmse: 0.275306932512515 

Attaching package: ‘dplyr’

The following objects are masked from ‘package:stats’:

    filter, lag

The following objects are masked from ‘package:base’:

    intersect, setdiff, setequal, union


> dim = 2

> Y <- matrix(rnorm(N * dim), nrow = dim)

> W <- matrix(rnorm(M * dim), nrow = dim)

> aaa <- user_cpmf(read, t(Y), t(W))

> dim = 2

> Y <- matrix(rnorm(N * dim), nrow = dim)

> V <- matrix(rnorm(M * dim), nrow = dim)

> W <- matrix(rnorm(M * dim), nrow = dim)

> Ut <- user_cpmf(read, t(Y), t(W))

> loss_cpmf_aux(train, t(Y), t(V), t(W), Ut, 1, 1, 1)
[1] 26288.23

> dim = 2

> Y <- matrix(rnorm(N * dim), nrow = dim)

> V <- matrix(rnorm(M * dim), nrow = dim)

> W <- matrix(rnorm(M * dim), nrow = dim)

> Ut <- user_cpmf(read, t(Y), t(W))

> pred_cpmf(test, Ut, t(V))$mae
[1] 0.3633258
[1] 3e-05 5e-01 1e+00 5e-01
[1] 8
[1] "2022-04-21 17:33:39 HKT"
Epoch 1 	 loss: 53853.5069621682 	 dlt: 0.0872272934618636
mae: 0.202565301783722 	rmse: 0.268511111906957 
[1] "2022-04-21 17:34:38 HKT"
Epoch 3 	 loss: 49462.5883385292 	 dlt: 0
mae: 0.181971276980426 	rmse: 0.246281968684711 

Attaching package: ‘dplyr’

The following objects are masked from ‘package:stats’:

    filter, lag

The following objects are masked from ‘package:base’:

    intersect, setdiff, setequal, union


> dim = 2

> Y <- matrix(rnorm(N * dim), nrow = dim)

> W <- matrix(rnorm(M * dim), nrow = dim)

> aaa <- user_cpmf(read, t(Y), t(W))

> dim = 2

> Y <- matrix(rnorm(N * dim), nrow = dim)

> V <- matrix(rnorm(M * dim), nrow = dim)

> W <- matrix(rnorm(M * dim), nrow = dim)

> Ut <- user_cpmf(read, t(Y), t(W))

> loss_cpmf_aux(train, t(Y), t(V), t(W), Ut, 1, 1, 1)
[1] 26153.95

> dim = 2

> Y <- matrix(rnorm(N * dim), nrow = dim)

> V <- matrix(rnorm(M * dim), nrow = dim)

> W <- matrix(rnorm(M * dim), nrow = dim)

> Ut <- user_cpmf(read, t(Y), t(W))

> pred_cpmf(test, Ut, t(V))$mae
[1] 0.3617565
[1] 3e-05 5e-01 1e+00 5e-01
[1] 8
[1] "2022-04-21 17:46:31 HKT"
Epoch 1 	 loss: 53853.5069621682 	 dlt: 0.0872272934618636
mae: 0.202565301783722 	rmse: 0.268511111906957 
[1] "2022-04-21 17:47:31 HKT"
Epoch 3 	 loss: 49462.5883385292 	 dlt: 0
mae: 0.181971276980426 	rmse: 0.246281968684711 

Attaching package: ‘dplyr’

The following objects are masked from ‘package:stats’:

    filter, lag

The following objects are masked from ‘package:base’:

    intersect, setdiff, setequal, union


> dim = 2

> Y <- matrix(rnorm(N * dim), nrow = dim)

> W <- matrix(rnorm(M * dim), nrow = dim)

> aaa <- user_cpmf(read, t(Y), t(W))

> dim = 2

> Y <- matrix(rnorm(N * dim), nrow = dim)

> V <- matrix(rnorm(M * dim), nrow = dim)

> W <- matrix(rnorm(M * dim), nrow = dim)

> Ut <- user_cpmf(read, t(Y), t(W))

> loss_cpmf_aux(train, t(Y), t(V), t(W), Ut, 1, 1, 1)
[1] 26312.69

> dim = 2

> Y <- matrix(rnorm(N * dim), nrow = dim)

> V <- matrix(rnorm(M * dim), nrow = dim)

> W <- matrix(rnorm(M * dim), nrow = dim)

> Ut <- user_cpmf(read, t(Y), t(W))

> pred_cpmf(test, Ut, t(V))$mae
[1] 0.361455
[1] 3e-04 5e-01 1e+00 5e-01
[1] 8
[1] "2022-04-21 17:48:56 HKT"
Epoch 1 	 loss: 14600.085037427 	 dlt: 0.0893625108595402
mae: 0.286546641928574 	rmse: 0.333400711237332 
[1] "2022-04-21 17:49:04 HKT"
Epoch 3 	 loss: 108174.861075722 	 dlt: 1.59677177568165
mae: 0.18897814508171 	rmse: 0.246796185871229 
[1] "2022-04-21 17:49:13 HKT"
Epoch 5 	 loss: 260039.479605227 	 dlt: 0.377803852108073
mae: 0.182005540394131 	rmse: 0.23872688653877 
[1] "2022-04-21 17:49:21 HKT"
Epoch 7 	 loss: 363665.884796759 	 dlt: 0.137595176089303
mae: 0.182005540394131 	rmse: 0.238027370547656 
[1] "2022-04-21 17:49:29 HKT"
Epoch 9 	 loss: 467401.838250357 	 dlt: 0.0922851939843792
mae: 0.181972990151116 	rmse: 0.238586908064508 
[1] "2022-04-21 17:49:38 HKT"
Epoch 11 	 loss: 510197.4498612 	 dlt: 0.0357831027775199
mae: 0.184200112041499 	rmse: 0.241021438253319 
[1] "2022-04-21 17:49:46 HKT"
Epoch 13 	 loss: 532618.629183416 	 dlt: 0.0148576888142191
mae: 0.185034426165049 	rmse: 0.242522467023584 
[1] "2022-04-21 17:49:54 HKT"
Epoch 15 	 loss: 553475.575598049 	 dlt: 0.00982613092883877
mae: 0.18463011788341 	rmse: 0.241676454925202 
[1] "2022-04-21 17:50:02 HKT"
Epoch 17 	 loss: 554015.00430145 	 dlt: 0.00154480538171228
mae: 0.186266195887499 	rmse: 0.24263977899018 
[1] "2022-04-21 17:50:10 HKT"
Epoch 19 	 loss: 574062.308085575 	 dlt: 0.00944282583552331
mae: 0.187278679762282 	rmse: 0.245040648332865 
[1] "2022-04-21 17:50:18 HKT"
Epoch 21 	 loss: 565324.507899829 	 dlt: 0.0101779394191254
mae: 0.186180537353253 	rmse: 0.242600550532291 
[1] "2022-04-21 17:50:27 HKT"
Epoch 23 	 loss: 556121.996373326 	 dlt: 0.00517360112227704
mae: 0.188853083621713 	rmse: 0.246565075251727 
[1] "2022-04-21 17:50:35 HKT"
Epoch 25 	 loss: 549941.41052961 	 dlt: 0.00597588448168869
mae: 0.188001637791312 	rmse: 0.244944303802735 
[1] "2022-04-21 17:50:44 HKT"
Epoch 27 	 loss: 539035.301281125 	 dlt: 0.00835087583234368
mae: 0.187758367554053 	rmse: 0.244570999423512 
[1] "2022-04-21 17:50:52 HKT"
Epoch 29 	 loss: 537358.61003061 	 dlt: 0.00182001354021743
mae: 0.190920880638398 	rmse: 0.248954851291875 
[1] "2022-04-21 17:51:00 HKT"
Epoch 31 	 loss: 534571.879683426 	 dlt: 0.0016758884416445
mae: 0.190045450418408 	rmse: 0.247746518008116 
[1] "2022-04-21 17:51:08 HKT"
Epoch 33 	 loss: 528726.023345129 	 dlt: 0.00539329510269281
mae: 0.190831795762782 	rmse: 0.248827894374236 
[1] "2022-04-21 17:51:16 HKT"
Epoch 35 	 loss: 536874.496274192 	 dlt: 0.0218107809578201
mae: 0.303296311714851 	rmse: 0.403806371655509 
[1] "2022-04-21 17:51:24 HKT"
Epoch 37 	 loss: 521325.063919815 	 dlt: 0.00629891102862742
mae: 0.195524170268749 	rmse: 0.255744854119239 
[1] "2022-04-21 17:51:33 HKT"
Epoch 39 	 loss: 519204.362630114 	 dlt: 0.00228517299056394
mae: 0.195441938075873 	rmse: 0.255582544017392 
[1] "2022-04-21 17:51:40 HKT"
Epoch 41 	 loss: 516606.484980948 	 dlt: 0.00396880868284023
mae: 0.195356279541627 	rmse: 0.255374666370683 
[1] "2022-04-21 17:51:48 HKT"
Epoch 43 	 loss: 514057.37289904 	 dlt: 0.00420051821274761
mae: 0.194830336141359 	rmse: 0.254618846159968 
[1] "2022-04-21 17:51:56 HKT"
Epoch 45 	 loss: 529788.783564235 	 dlt: 0.0231813973588294
mae: 0.202928493968921 	rmse: 0.269331494342978 
[1] "2022-04-21 17:52:04 HKT"
Epoch 47 	 loss: 537585.274615851 	 dlt: 0.00417034656547874
mae: 0.206704322158465 	rmse: 0.273522475337183 
[1] "2022-04-21 17:52:13 HKT"
Epoch 49 	 loss: 518094.795199905 	 dlt: 0.0181997061905997
mae: 0.202077048138523 	rmse: 0.267167541399681 

Attaching package: ‘dplyr’

The following objects are masked from ‘package:stats’:

    filter, lag

The following objects are masked from ‘package:base’:

    intersect, setdiff, setequal, union


> dim = 2

> Y <- matrix(rnorm(N * dim), nrow = dim)

> W <- matrix(rnorm(M * dim), nrow = dim)

> aaa <- user_cpmf(read, t(Y), t(W))

> dim = 2

> Y <- matrix(rnorm(N * dim), nrow = dim)

> V <- matrix(rnorm(M * dim), nrow = dim)

> W <- matrix(rnorm(M * dim), nrow = dim)

> Ut <- user_cpmf(read, t(Y), t(W))

> loss_cpmf_aux(train, t(Y), t(V), t(W), Ut, 1, 1, 1)
[1] 26589.06

> dim = 2

> Y <- matrix(rnorm(N * dim), nrow = dim)

> V <- matrix(rnorm(M * dim), nrow = dim)

> W <- matrix(rnorm(M * dim), nrow = dim)

> Ut <- user_cpmf(read, t(Y), t(W))

> pred_cpmf(test, Ut, t(V))$mae
[1] 0.3616863
[1] 1e-05 2e+00 1e+00 2e+00
[1] 8
[1] "2022-04-21 18:04:30 HKT"
Epoch 1 	 loss: 13116.5414224835 	 dlt: 0.181894193317504
mae: 0.285236066354622 	rmse: 0.332172351546994 
[1] "2022-04-21 18:04:38 HKT"
Epoch 3 	 loss: 8400.61228221567 	 dlt: 0.175689494536171
mae: 0.186915487577076 	rmse: 0.250341805623948 
[1] "2022-04-21 18:04:47 HKT"
Epoch 5 	 loss: 8510.58424745914 	 dlt: 0.0102127694487226
mae: 0.182331042824255 	rmse: 0.248386865939094 
[1] "2022-04-21 18:04:55 HKT"
Epoch 7 	 loss: 8988.19741923363 	 dlt: 0.0371686177592188
mae: 0.183276713042324 	rmse: 0.250928124353704 
[1] "2022-04-21 18:05:03 HKT"
Epoch 9 	 loss: 9823.73318499024 	 dlt: 0.0366877809402189
mae: 0.184441669108063 	rmse: 0.253176383527145 
[1] "2022-04-21 18:05:12 HKT"
Epoch 11 	 loss: 10225.9736019578 	 dlt: 0.0208477167157401
mae: 0.185371920789968 	rmse: 0.254764959459646 
[1] "2022-04-21 18:05:20 HKT"
Epoch 13 	 loss: 10721.4601100199 	 dlt: 0.0248803226135907
mae: 0.189404724582245 	rmse: 0.260060397186998 
[1] "2022-04-21 18:05:28 HKT"
Epoch 15 	 loss: 11255.3216849383 	 dlt: 0.0152912827125559
mae: 0.190144814318126 	rmse: 0.261157478332944 
[1] "2022-04-21 18:05:37 HKT"
Epoch 17 	 loss: 11674.9840173165 	 dlt: 0.0265255445756355
mae: 0.192303409381111 	rmse: 0.264079967856138 
[1] "2022-04-21 18:05:45 HKT"
Epoch 19 	 loss: 12369.0634960788 	 dlt: 0.0232813244296822
mae: 0.193040072775621 	rmse: 0.265287452474985 
[1] "2022-04-21 18:05:53 HKT"
Epoch 21 	 loss: 12624.3059650225 	 dlt: 0.0125565857654949
mae: 0.194797785898338 	rmse: 0.267526747534814 
[1] "2022-04-21 18:06:01 HKT"
Epoch 23 	 loss: 13103.456286529 	 dlt: 0.0242776249547076
mae: 0.196896419987352 	rmse: 0.270811971393947 
[1] "2022-04-21 18:06:09 HKT"
Epoch 25 	 loss: 13421.032647493 	 dlt: 0.00986514755618805
mae: 0.19768790484378 	rmse: 0.271876871815137 
[1] "2022-04-21 18:06:18 HKT"
Epoch 27 	 loss: 13802.4783793342 	 dlt: 0.0220291048270988
mae: 0.19973343064156 	rmse: 0.275446563634353 
[1] "2022-04-21 18:06:25 HKT"
Epoch 29 	 loss: 14027.770500637 	 dlt: 0.00916751861710695
mae: 0.200852131098805 	rmse: 0.27723511484508 
[1] "2022-04-21 18:06:34 HKT"
Epoch 31 	 loss: 14515.4984152049 	 dlt: 0.0126319762752509
mae: 0.202296333986183 	rmse: 0.27928768867496 
[1] "2022-04-21 18:06:42 HKT"
Epoch 33 	 loss: 14723.2258852106 	 dlt: 0.00517059849028989
mae: 0.203990659793559 	rmse: 0.281607299274079 
[1] "2022-04-21 18:06:50 HKT"
Epoch 35 	 loss: 15202.6662247131 	 dlt: 0.0196618068358058
mae: 0.205278964148611 	rmse: 0.283440590268781 
[1] "2022-04-21 18:06:58 HKT"
Epoch 37 	 loss: 15651.3270552708 	 dlt: 0.0131280299771822
mae: 0.206680337768866 	rmse: 0.285612877926093 
[1] "2022-04-21 18:07:07 HKT"
Epoch 39 	 loss: 16191.2862112696 	 dlt: 0.0199509790065353
mae: 0.20820334650775 	rmse: 0.287539475063508 
[1] "2022-04-21 18:07:15 HKT"
Epoch 41 	 loss: 16492.8612391868 	 dlt: 0.00815942485750717
mae: 0.209149016725818 	rmse: 0.289113385159185 
[1] "2022-04-21 18:07:22 HKT"
Epoch 43 	 loss: 16724.93332717 	 dlt: 0.00720550646579606
mae: 0.210279709377858 	rmse: 0.289971980855775 
[1] "2022-04-21 18:07:30 HKT"
Epoch 45 	 loss: 18817.6463259908 	 dlt: 0.190957340915353
mae: 0.217988977459947 	rmse: 0.301146733566599 
[1] "2022-04-21 18:07:38 HKT"
Epoch 47 	 loss: 19588.561113423 	 dlt: 0.0168357876547845
mae: 0.21880273353528 	rmse: 0.301851638756504 
[1] "2022-04-21 18:07:47 HKT"
Epoch 49 	 loss: 19866.807275754 	 dlt: 0.00757741900373635
mae: 0.218698230123499 	rmse: 0.301983723788195 

Attaching package: ‘dplyr’

The following objects are masked from ‘package:stats’:

    filter, lag

The following objects are masked from ‘package:base’:

    intersect, setdiff, setequal, union


> dim = 2

> Y <- matrix(rnorm(N * dim), nrow = dim)

> W <- matrix(rnorm(M * dim), nrow = dim)

> aaa <- user_cpmf(read, t(Y), t(W))

> dim = 2

> Y <- matrix(rnorm(N * dim), nrow = dim)

> V <- matrix(rnorm(M * dim), nrow = dim)

> W <- matrix(rnorm(M * dim), nrow = dim)

> Ut <- user_cpmf(read, t(Y), t(W))

> loss_cpmf_aux(train, t(Y), t(V), t(W), Ut, 1, 1, 1)
[1] 26686.58

> dim = 2

> Y <- matrix(rnorm(N * dim), nrow = dim)

> V <- matrix(rnorm(M * dim), nrow = dim)

> W <- matrix(rnorm(M * dim), nrow = dim)

> Ut <- user_cpmf(read, t(Y), t(W))

> pred_cpmf(test, Ut, t(V))$mae
[1] 0.3605659
[1] 3e-05 2e+00 1e+00 2e+00
[1] 8
[1] "2022-04-21 18:18:00 HKT"
Epoch 1 	 loss: 308334.527736013 	 dlt: 14.1149036967454
mae: 0.497451658606198 	rmse: 0.591194226763645 
[1] "2022-04-21 18:18:03 HKT"
Epoch 3 	 loss: 20837.8544915781 	 dlt: 0.998402405271186
mae: 0.184911077875728 	rmse: 0.252795657893844 

Attaching package: ‘dplyr’

The following objects are masked from ‘package:stats’:

    filter, lag

The following objects are masked from ‘package:base’:

    intersect, setdiff, setequal, union


> dim = 2

> Y <- matrix(rnorm(N * dim), nrow = dim)

> W <- matrix(rnorm(M * dim), nrow = dim)

> aaa <- user_cpmf(read, t(Y), t(W))

> dim = 2

> Y <- matrix(rnorm(N * dim), nrow = dim)

> V <- matrix(rnorm(M * dim), nrow = dim)

> W <- matrix(rnorm(M * dim), nrow = dim)

> Ut <- user_cpmf(read, t(Y), t(W))

> loss_cpmf_aux(train, t(Y), t(V), t(W), Ut, 1, 1, 1)
[1] 26138.22

> dim = 2

> Y <- matrix(rnorm(N * dim), nrow = dim)

> V <- matrix(rnorm(M * dim), nrow = dim)

> W <- matrix(rnorm(M * dim), nrow = dim)

> Ut <- user_cpmf(read, t(Y), t(W))

> pred_cpmf(test, Ut, t(V))$mae
[1] 0.3595962
[1] 1e-05 5e-01 1e+00 5e-01
[1] 8
[1] "2022-04-21 20:08:16 HKT"
Epoch 1 	 loss: 14810.7359337862 	 dlt: 0.0762237789374987
mae: 0.306770621863865 	rmse: 0.352802302076657 
[1] "2022-04-21 20:08:25 HKT"
Epoch 3 	 loss: 9430.75695934392 	 dlt: 0.187466870819237
mae: 0.209661254760629 	rmse: 0.260102847065673 
[1] "2022-04-21 20:08:34 HKT"
Epoch 5 	 loss: 8555.11653383467 	 dlt: 0.011792106860796
mae: 0.176127651774206 	rmse: 0.225888992845006 
[1] "2022-04-21 20:08:42 HKT"
Epoch 7 	 loss: 9418.21771518396 	 dlt: 0.063441628246794
mae: 0.165511133039822 	rmse: 0.214578953043181 
[1] "2022-04-21 20:08:50 HKT"
Epoch 9 	 loss: 11021.7803955688 	 dlt: 0.0724469561897927
mae: 0.163982984788881 	rmse: 0.214997255002765 
[1] "2022-04-21 20:08:59 HKT"
Epoch 11 	 loss: 12940.8915479187 	 dlt: 0.0907203834447411
mae: 0.162823168235196 	rmse: 0.214693801341288 
[1] "2022-04-21 20:09:07 HKT"
Epoch 13 	 loss: 15920.0603125823 	 dlt: 0.0966465707842816
mae: 0.164877259886402 	rmse: 0.219512164686254 
[1] "2022-04-21 20:09:16 HKT"
Epoch 15 	 loss: 17918.9202631435 	 dlt: 0.0574875086681303
mae: 0.163830512597922 	rmse: 0.217969703279351 
[1] "2022-04-21 20:09:24 HKT"
Epoch 17 	 loss: 20284.8336132731 	 dlt: 0.0722667262743313
mae: 0.163073291155191 	rmse: 0.218452974102506 
[1] "2022-04-21 20:09:32 HKT"
Epoch 19 	 loss: 23322.1670657515 	 dlt: 0.091076669481143
mae: 0.167978098826087 	rmse: 0.224704025090186 
[1] "2022-04-21 20:09:40 HKT"
Epoch 21 	 loss: 25583.2816367486 	 dlt: 0.0395212842511688
mae: 0.167056412997605 	rmse: 0.223834888667439 
[1] "2022-04-21 20:09:47 HKT"
Epoch 23 	 loss: 27568.1388016718 	 dlt: 0.148127413771571
mae: 0.169643300731817 	rmse: 0.228863869740753 
[1] "2022-04-21 20:09:55 HKT"
Epoch 25 	 loss: 29049.1640113548 	 dlt: 0.0255068700571628
mae: 0.17064550558249 	rmse: 0.230230889326964 
[1] "2022-04-21 20:10:04 HKT"
Epoch 27 	 loss: 30387.8496483917 	 dlt: 0.0223971288853164
mae: 0.170924752404129 	rmse: 0.230694664072019 
[1] "2022-04-21 20:10:12 HKT"
Epoch 29 	 loss: 31612.6742034235 	 dlt: 0.0182792556707241
mae: 0.171887554329049 	rmse: 0.232234983886626 
[1] "2022-04-21 20:10:20 HKT"
Epoch 31 	 loss: 32690.2914714507 	 dlt: 0.0163115787040854
mae: 0.17261051235808 	rmse: 0.233381309417271 
[1] "2022-04-21 20:10:28 HKT"
Epoch 33 	 loss: 34459.2161092148 	 dlt: 0.0307471155328795
mae: 0.173658972817245 	rmse: 0.236229233655238 
[1] "2022-04-21 20:10:35 HKT"
Epoch 35 	 loss: 35353.9532953814 	 dlt: 0.0104088835859483
mae: 0.17366068598793 	rmse: 0.235465313650682 
[1] "2022-04-21 20:10:43 HKT"
Epoch 37 	 loss: 35993.4133781444 	 dlt: 0.00907790796763327
mae: 0.174638906449013 	rmse: 0.23650787433779 
[1] "2022-04-21 20:10:51 HKT"
Epoch 39 	 loss: 37056.5454713056 	 dlt: 0.0131832073669787
mae: 0.174584084987095 	rmse: 0.237020809543045 
[1] "2022-04-21 20:10:59 HKT"
Epoch 41 	 loss: 37604.1061391799 	 dlt: 0.00743461306554685
mae: 0.175413259598592 	rmse: 0.237892981732527 
[1] "2022-04-21 20:11:07 HKT"
Epoch 43 	 loss: 38431.937842796 	 dlt: 0.00836368738469625
mae: 0.175839839099134 	rmse: 0.238732866696159 
[1] "2022-04-21 20:11:15 HKT"
Epoch 45 	 loss: 39134.5567396965 	 dlt: 0.0128285873934156
mae: 0.177938473188149 	rmse: 0.242413343428675 
[1] "2022-04-21 20:11:23 HKT"
Epoch 47 	 loss: 39579.1656162331 	 dlt: 0.00397113311512149
mae: 0.177381692715553 	rmse: 0.241304800300142 
[1] "2022-04-21 20:11:31 HKT"
Epoch 49 	 loss: 39900.040518282 	 dlt: 0.00274603768728776
mae: 0.17790420977445 	rmse: 0.241909481884894 

Attaching package: ‘dplyr’

The following objects are masked from ‘package:stats’:

    filter, lag

The following objects are masked from ‘package:base’:

    intersect, setdiff, setequal, union


> dim = 2

> Y <- matrix(rnorm(N * dim), nrow = dim)

> W <- matrix(rnorm(M * dim), nrow = dim)

> aaa <- user_cpmf(read, t(Y), t(W))

> dim = 2

> Y <- matrix(rnorm(N * dim), nrow = dim)

> V <- matrix(rnorm(M * dim), nrow = dim)

> W <- matrix(rnorm(M * dim), nrow = dim)

> Ut <- user_cpmf(read, t(Y), t(W))

> loss_cpmf_aux(train, t(Y), t(V), t(W), Ut, 1, 1, 1)
[1] 26726.99

> dim = 2

> Y <- matrix(rnorm(N * dim), nrow = dim)

> V <- matrix(rnorm(M * dim), nrow = dim)

> W <- matrix(rnorm(M * dim), nrow = dim)

> Ut <- user_cpmf(read, t(Y), t(W))

> pred_cpmf(test, Ut, t(V))$mae
[1] 0.36084
[1] 3e-05 5e-01 1e+00 5e-01
[1] 8
[1] 2.336832e-14
[1] 3.788187e-06
[1] "2022-04-21 20:17:12 HKT"
Epoch 1 	 loss: 37197.7105950038 	 dlt: 5.13110436933281e-05
mae: 0.160923261945629 	rmse: 0.214288676056395 
[1] 5.267066e-19
[1] 2.74926e-15

Attaching package: ‘dplyr’

The following objects are masked from ‘package:stats’:

    filter, lag

The following objects are masked from ‘package:base’:

    intersect, setdiff, setequal, union


> dim = 2

> Y <- matrix(rnorm(N * dim), nrow = dim)

> W <- matrix(rnorm(M * dim), nrow = dim)

> aaa <- user_cpmf(read, t(Y), t(W))

> dim = 2

> Y <- matrix(rnorm(N * dim), nrow = dim)

> V <- matrix(rnorm(M * dim), nrow = dim)

> W <- matrix(rnorm(M * dim), nrow = dim)

> Ut <- user_cpmf(read, t(Y), t(W))

> loss_cpmf_aux(train, t(Y), t(V), t(W), Ut, 1, 1, 1)
[1] 26858.56

> dim = 2

> Y <- matrix(rnorm(N * dim), nrow = dim)

> V <- matrix(rnorm(M * dim), nrow = dim)

> W <- matrix(rnorm(M * dim), nrow = dim)

> Ut <- user_cpmf(read, t(Y), t(W))

> pred_cpmf(test, Ut, t(V))$mae
[1] 0.3584793
[1] 3e-05 5e-01 1e+00 5e-01
[1] 8
[1] 2.336832e-14
[1] 3.788187e-06
[1] "2022-04-21 20:30:20 HKT"
Epoch 1 	 loss: 37197.7105950038 	 dlt: 5.13110436933281e-05
mae: 0.160923261945629 	rmse: 0.214288676056395 
[1] 5.267066e-19
[1] 8.576961e-22

Attaching package: ‘dplyr’

The following objects are masked from ‘package:stats’:

    filter, lag

The following objects are masked from ‘package:base’:

    intersect, setdiff, setequal, union


> dim = 2

> Y <- matrix(rnorm(N * dim), nrow = dim)

> W <- matrix(rnorm(M * dim), nrow = dim)

> aaa <- user_cpmf(read, t(Y), t(W))

> dim = 2

> Y <- matrix(rnorm(N * dim), nrow = dim)

> V <- matrix(rnorm(M * dim), nrow = dim)

> W <- matrix(rnorm(M * dim), nrow = dim)

> Ut <- user_cpmf(read, t(Y), t(W))

> loss_cpmf_aux(train, t(Y), t(V), t(W), Ut, 1, 1, 1)
[1] 26355.78

> dim = 2

> Y <- matrix(rnorm(N * dim), nrow = dim)

> V <- matrix(rnorm(M * dim), nrow = dim)

> W <- matrix(rnorm(M * dim), nrow = dim)

> Ut <- user_cpmf(read, t(Y), t(W))

> pred_cpmf(test, Ut, t(V))$mae
[1] 0.359466
[1] 3e-05 5e-01 1e+00 5e-01
[1] 8
[1] 0.0001915812
[1] 0.0005585459
[1] "2022-04-21 20:47:20 HKT"
Epoch 1 	 loss: 13697.5592928232 	 dlt: 0.0385756884262504
mae: 0.318488709348615 	rmse: 0.362509497101563 
[1] 3.219906e-05
[1] 9.38748e-05
[1] 2.253934e-05
[1] 0.0003909821
[1] "2022-04-21 20:47:50 HKT"
Epoch 3 	 loss: 11216.902621376 	 dlt: 0.212080104249021
mae: 0.239280262732083 	rmse: 0.276772984703953 
[1] 3.036358e-20
[1] 9.732745e-14
[1] 9.38748e-05
[1] 3.219906e-05
[1] "2022-04-21 20:48:59 HKT"
Epoch 5 	 loss: 14229.3387247276 	 dlt: 0.000120273032336614
mae: 0.318488709348615 	rmse: 0.362509497101563 
[1] 7.730994e-06
[1] 6.571236e-05
[1] 1.104428e-05
[1] 0.0001341069
[1] "2022-04-21 20:49:32 HKT"
Epoch 7 	 loss: 14226.6324818291 	 dlt: 0.000128114571631778
mae: 0.318488709348615 	rmse: 0.362509497101563 
[1] 2.253934e-05
[1] 2.651731e-06
[1] 3.219906e-05
[1] 0.0001341069
[1] "2022-04-21 20:50:05 HKT"
Epoch 9 	 loss: 14224.2920437668 	 dlt: 0.000143932274444361
mae: 0.318488709348615 	rmse: 0.362509497101563 
[1] 2.651731e-06
[1] 0.0001915812
[1] 1.305228e-17
[1] 2.422779e-23
[1] "2022-04-21 20:51:25 HKT"
Epoch 11 	 loss: 14221.9223285703 	 dlt: 0.268999975630352
mae: 0.318488709348615 	rmse: 0.362509497101563 
[1] 0.0001341069
[1] 5.411696e-06
[1] 4.599865e-05
[1] 1.577754e-05
[1] "2022-04-21 20:51:56 HKT"
Epoch 13 	 loss: 14219.1663152896 	 dlt: 5.62456860462837e-05
mae: 0.318488709348615 	rmse: 0.362509497101563 
[1] 0.001628414
[1] 2.253934e-05
[1] 8.576961e-22
[1] 8.015334e-15
[1] "2022-04-21 20:53:06 HKT"
Epoch 15 	 loss: 14197.9218398768 	 dlt: 0.275137073986249
mae: 0.318488709348615 	rmse: 0.362509497101563 
[1] 0.0003909821
[1] 0.0001341069
[1] 1.44153e-22
[1] 1.22528e-21
[1] "2022-04-21 20:54:27 HKT"
Epoch 17 	 loss: 14191.0715644628 	 dlt: 0.275249435950748
mae: 0.318488709348615 	rmse: 0.362509497101563 
[1] 1.577754e-05
[1] 0.0003909821
[1] 8.576961e-22
[1] 8.015334e-15
[1] "2022-04-21 20:55:37 HKT"
Epoch 19 	 loss: 14186.2925343894 	 dlt: 0.275328592327582
mae: 0.318488709348615 	rmse: 0.362509497101563 
[1] 0.0003909821
[1] 0.0001341069
[1] 1.44153e-22
[1] 1.22528e-21
[1] "2022-04-21 20:56:58 HKT"
Epoch 21 	 loss: 14179.5394673965 	 dlt: 0.27544028001226
mae: 0.318488709348615 	rmse: 0.362509497101563 
[1] 1.577754e-05
[1] 0.0003909821
[1] 8.576961e-22
[1] 8.015334e-15
[1] "2022-04-21 20:58:08 HKT"
Epoch 23 	 loss: 14174.8266206216 	 dlt: 0.275518125374937
mae: 0.318488709348615 	rmse: 0.362509497101563 
[1] 0.0003909821
[1] 0.0001341069
[1] 1.44153e-22
[1] 1.22528e-21
[1] "2022-04-21 20:59:28 HKT"
Epoch 25 	 loss: 14168.1197862808 	 dlt: 0.275628352513317
mae: 0.318488709348615 	rmse: 0.362509497101563 
[1] 1.577754e-05
[1] 0.0003909821
[1] 8.576961e-22
[1] 8.015334e-15
[1] "2022-04-21 21:00:38 HKT"
Epoch 27 	 loss: 14163.5388957862 	 dlt: 0.275704547917102
mae: 0.318488709348615 	rmse: 0.362509497101563 
[1] 0.0003909821
[1] 0.0001341069
[1] 1.44153e-22
[1] 1.22528e-21
[1] "2022-04-21 21:01:58 HKT"
Epoch 29 	 loss: 14156.9487073172 	 dlt: 0.275813581928337
mae: 0.318488709348615 	rmse: 0.362509497101563 
[1] 1.577754e-05
[1] 0.0003909821
[1] 8.576961e-22
[1] 8.015334e-15
[1] "2022-04-21 21:03:08 HKT"
Epoch 31 	 loss: 14152.3589058755 	 dlt: 0.275888961496938
mae: 0.31848699617793 	rmse: 0.36250713416172 
[1] 0.0003909821
[1] 0.0001341069
[1] 1.44153e-22
[1] 1.22528e-21
[1] "2022-04-21 21:04:29 HKT"
Epoch 33 	 loss: 14145.812284928 	 dlt: 0.275997245388815
mae: 0.31848699617793 	rmse: 0.36250713416172 
[1] 1.577754e-05
[1] 0.0003909821
[1] 8.576961e-22
[1] 8.015334e-15
[1] "2022-04-21 21:05:39 HKT"
Epoch 35 	 loss: 14141.2713876249 	 dlt: 0.276072010638783
mae: 0.31848699617793 	rmse: 0.36250713416172 
[1] 0.0003909821
[1] 0.0001341069
[1] 1.44153e-22
[1] 1.22528e-21
[1] "2022-04-21 21:06:59 HKT"
Epoch 37 	 loss: 14134.8336310478 	 dlt: 0.276179513765496
mae: 0.31848699617793 	rmse: 0.36250713416172 
[1] 1.577754e-05
[1] 0.0003909821
[1] 8.576961e-22
[1] 8.015334e-15
[1] "2022-04-21 21:08:10 HKT"
Epoch 39 	 loss: 14130.4043644749 	 dlt: 0.276253226577891
mae: 0.318485283007245 	rmse: 0.362505296308971 
[1] 0.0003909821
[1] 0.0001341069
[1] 1.44153e-22
[1] 1.22528e-21
[1] "2022-04-21 21:09:29 HKT"
Epoch 41 	 loss: 14124.0204402188 	 dlt: 0.276359237547243
mae: 0.318456159105602 	rmse: 0.362473001090235 
[1] 1.577754e-05
[1] 0.0003909821
[1] 8.576961e-22
[1] 8.015334e-15
[1] "2022-04-21 21:10:39 HKT"
Epoch 43 	 loss: 14119.6798208321 	 dlt: 0.276432510283591
mae: 0.31723638157795 	rmse: 0.361167756610528 
[1] 0.0003909821
[1] 0.0001341069
[1] 1.44153e-22
[1] 1.22528e-21
[1] "2022-04-21 21:12:00 HKT"
Epoch 45 	 loss: 14113.4316688142 	 dlt: 0.276537172543375
mae: 0.31723638157795 	rmse: 0.361167756610528 
[1] 1.577754e-05
[1] 0.0003909821
[1] 8.576961e-22
[1] 8.015334e-15
[1] "2022-04-21 21:13:10 HKT"
Epoch 47 	 loss: 14109.1044134179 	 dlt: 0.276609676878177
mae: 0.31723638157795 	rmse: 0.361167756610528 
[1] 0.0003909821
[1] 0.0001341069
[1] 1.44153e-22
[1] 1.22528e-21
[1] "2022-04-21 21:14:30 HKT"
Epoch 49 	 loss: 14102.9094598007 	 dlt: 0.276713474534601
mae: 0.31723638157795 	rmse: 0.361167756610528 
[1] 1.577754e-05
[1] 0.0003909821
[1] 8.576961e-22
[1] 8.015334e-15
[1] "2022-04-21 21:15:40 HKT"
Epoch 51 	 loss: 14098.5798507366 	 dlt: 0.276785462326568
mae: 0.31723295523658 	rmse: 0.361163540211784 
[1] 0.0003909821
[1] 0.0001341069
[1] 1.44153e-22
[1] 1.22528e-21
[1] "2022-04-21 21:17:00 HKT"
Epoch 53 	 loss: 14092.4345270968 	 dlt: 0.276888852624289
mae: 0.31723295523658 	rmse: 0.361163540211784 
[1] 1.577754e-05
[1] 0.0003909821
[1] 8.576961e-22
[1] 8.015334e-15
[1] "2022-04-21 21:18:11 HKT"
Epoch 55 	 loss: 14088.1826285827 	 dlt: 0.276959522970728
mae: 0.317222676212471 	rmse: 0.361151417791189 
[1] 0.0003909821
[1] 0.0001341069
[1] 1.44153e-22
[1] 1.22528e-21
[1] "2022-04-21 21:19:31 HKT"
Epoch 57 	 loss: 14082.1513365284 	 dlt: 0.277061801083457
mae: 0.317193552310828 	rmse: 0.361120055728127 
[1] 1.577754e-05
[1] 0.0003909821
[1] 8.576961e-22
[1] 8.015334e-15
[1] "2022-04-21 21:20:41 HKT"
Epoch 59 	 loss: 14077.9610349827 	 dlt: 0.277133060281054
mae: 0.31713873084891 	rmse: 0.361063649869721 
[1] 0.0003909821
[1] 0.0001341069
[1] 1.44153e-22
[1] 1.22528e-21
[1] "2022-04-21 21:22:00 HKT"
Epoch 61 	 loss: 14071.9955241085 	 dlt: 0.277234875362216
mae: 0.316847491832476 	rmse: 0.360793095553621 
[1] 1.577754e-05
[1] 0.0003909821
[1] 8.576961e-22
[1] 8.015334e-15
[1] "2022-04-21 21:23:10 HKT"
Epoch 63 	 loss: 14067.8700759459 	 dlt: 0.277305939363851
mae: 0.315118902611406 	rmse: 0.359321536446673 
[1] 0.0003909821
[1] 0.0001341069
[1] 1.44153e-22
[1] 1.22528e-21
[1] "2022-04-21 21:24:30 HKT"
Epoch 65 	 loss: 14061.9766248376 	 dlt: 0.277406527534001
mae: 0.315120615782091 	rmse: 0.35932286083116 
[1] 1.577754e-05
[1] 0.0003909821
[1] 8.576961e-22
[1] 8.015334e-15
[1] "2022-04-21 21:25:41 HKT"
Epoch 67 	 loss: 14057.9142843548 	 dlt: 0.277476442309852
mae: 0.315120615782091 	rmse: 0.35932286083116 
[1] 0.0003909821
[1] 0.0001341069
[1] 1.44153e-22
[1] 1.22528e-21
[1] "2022-04-21 21:27:00 HKT"
Epoch 69 	 loss: 14052.0832135335 	 dlt: 0.277576083848196
mae: 0.315120615782091 	rmse: 0.35932286083116 
[1] 1.577754e-05
[1] 0.0003909821
[1] 8.576961e-22
[1] 8.015334e-15
[1] "2022-04-21 21:28:10 HKT"
Epoch 71 	 loss: 14048.0410443906 	 dlt: 0.277645777314043
mae: 0.315120615782091 	rmse: 0.35932286083116 
[1] 0.0003909821
[1] 0.0001341069
[1] 1.44153e-22
[1] 1.22528e-21
[1] "2022-04-21 21:29:30 HKT"
Epoch 73 	 loss: 14042.2972369901 	 dlt: 0.277745031762959
mae: 0.315120615782091 	rmse: 0.35932286083116 
[1] 1.577754e-05
[1] 0.0003909821
[1] 8.576961e-22
[1] 8.015334e-15
[1] "2022-04-21 21:30:40 HKT"
Epoch 75 	 loss: 14038.3253643465 	 dlt: 0.277813381930207
mae: 0.315120615782091 	rmse: 0.35932286083116 
[1] 0.0003909821
[1] 0.0001341069
[1] 1.44153e-22
[1] 1.22528e-21
[1] "2022-04-21 21:32:00 HKT"
Epoch 77 	 loss: 14032.6446422153 	 dlt: 0.277912649046459
mae: 0.315120615782091 	rmse: 0.35932286083116 
[1] 1.577754e-05
[1] 0.0003909821
[1] 8.576961e-22
[1] 8.015334e-15
[1] "2022-04-21 21:33:10 HKT"
Epoch 79 	 loss: 14028.72817765 	 dlt: 0.277980818338633
mae: 0.315120615782091 	rmse: 0.35932286083116 
[1] 0.0003909821
[1] 0.0001341069
[1] 1.44153e-22
[1] 1.22528e-21
[1] "2022-04-21 21:34:30 HKT"
Epoch 81 	 loss: 14023.0988673624 	 dlt: 0.278078377159089
mae: 0.315120615782091 	rmse: 0.35932286083116 
[1] 1.577754e-05
[1] 0.0003909821
[1] 8.576961e-22
[1] 8.015334e-15
[1] "2022-04-21 21:35:41 HKT"
Epoch 83 	 loss: 14019.1944629907 	 dlt: 0.278145816442155
mae: 0.315120615782091 	rmse: 0.35932286083116 
[1] 0.0003909821
[1] 0.0001341069
[1] 1.44153e-22
[1] 1.22528e-21
[1] "2022-04-21 21:37:01 HKT"
Epoch 85 	 loss: 14013.6317804833 	 dlt: 0.278242566245451
mae: 0.315120615782091 	rmse: 0.35932286083116 
[1] 1.577754e-05
[1] 0.0003909821
[1] 8.576961e-22
[1] 8.015334e-15
[1] "2022-04-21 21:38:11 HKT"
Epoch 87 	 loss: 14009.7880470883 	 dlt: 0.278310358644561
mae: 0.315120615782091 	rmse: 0.35932286083116 
[1] 0.0003909821
[1] 0.0001341069
[1] 1.44153e-22
[1] 1.22528e-21
[1] "2022-04-21 21:39:31 HKT"
Epoch 89 	 loss: 14004.2780394495 	 dlt: 0.27840617523949
mae: 0.315120615782091 	rmse: 0.35932286083116 
[1] 1.577754e-05
[1] 0.0003909821
[1] 8.576961e-22
[1] 8.015334e-15
[1] "2022-04-21 21:40:41 HKT"
Epoch 91 	 loss: 14000.4525625597 	 dlt: 0.278473564585343
mae: 0.315120615782091 	rmse: 0.35932286083116 
[1] 0.0003909821
[1] 0.0001341069
[1] 1.44153e-22
[1] 1.22528e-21
[1] "2022-04-21 21:42:01 HKT"
Epoch 93 	 loss: 13995.0007318651 	 dlt: 0.278569084238989
mae: 0.315120615782091 	rmse: 0.35932286083116 
[1] 1.577754e-05
[1] 0.0003909821
[1] 8.576961e-22
[1] 8.015334e-15
[1] "2022-04-21 21:43:11 HKT"
Epoch 95 	 loss: 13991.2581536335 	 dlt: 0.278635880068648
mae: 0.315120615782091 	rmse: 0.35932286083116 
[1] 0.0003909821
[1] 0.0001341069
[1] 1.44153e-22
[1] 1.22528e-21
[1] "2022-04-21 21:44:30 HKT"
Epoch 97 	 loss: 13985.8710424183 	 dlt: 0.278731309311251
mae: 0.315120615782091 	rmse: 0.35932286083116 
[1] 1.577754e-05
[1] 0.0003909821
[1] 8.576961e-22
[1] 8.015334e-15
[1] "2022-04-21 21:45:40 HKT"
Epoch 99 	 loss: 13982.1454199799 	 dlt: 0.278797353689919
mae: 0.315120615782091 	rmse: 0.35932286083116 
[1] 0.0003909821
[1] 0.0001341069
[1] 1.44153e-22
[1] 1.22528e-21
[1] "2022-04-21 21:47:00 HKT"
Epoch 101 	 loss: 13976.8327473231 	 dlt: 0.278891869412616
mae: 0.315120615782091 	rmse: 0.35932286083116 
[1] 1.577754e-05
[1] 0.0003909821
[1] 8.576961e-22
[1] 8.015334e-15
[1] "2022-04-21 21:48:09 HKT"
Epoch 103 	 loss: 13973.1459909224 	 dlt: 0.278957728219529
mae: 0.315118902611406 	rmse: 0.359321536446673 
[1] 0.0003909821
[1] 0.0001341069
[1] 1.44153e-22
[1] 1.22528e-21
[1] "2022-04-21 21:49:29 HKT"
Epoch 105 	 loss: 13967.9058457789 	 dlt: 0.27905163687548
mae: 0.315117189440721 	rmse: 0.35931968230019 
[1] 1.577754e-05
[1] 0.0003909821
[1] 8.576961e-22
[1] 8.015334e-15
[1] "2022-04-21 21:50:39 HKT"
Epoch 107 	 loss: 13964.2346368194 	 dlt: 0.279117046993882
mae: 0.315117189440721 	rmse: 0.359318093024161 
[1] 0.0003909821
[1] 0.0001341069
[1] 1.44153e-22
[1] 1.22528e-21
[1] "2022-04-21 21:51:58 HKT"
Epoch 109 	 loss: 13959.0413711762 	 dlt: 0.279210215334367
mae: 0.315117189440721 	rmse: 0.359318093024161 
[1] 1.577754e-05
[1] 0.0003909821
[1] 8.576961e-22
[1] 8.015334e-15
[1] "2022-04-21 21:53:08 HKT"
Epoch 111 	 loss: 13955.4106875014 	 dlt: 0.279275417082612
mae: 0.315115476270036 	rmse: 0.359316238859909 
[1] 0.0003909821
[1] 0.0001341069
[1] 1.44153e-22
[1] 1.22528e-21
[1] "2022-04-21 21:54:28 HKT"
Epoch 113 	 loss: 13950.2449026967 	 dlt: 0.279367869080501
mae: 0.315112049928667 	rmse: 0.359312000734262 
[1] 1.577754e-05
[1] 0.0003909821
[1] 8.576961e-22
[1] 8.015334e-15
[1] "2022-04-21 21:55:38 HKT"
Epoch 115 	 loss: 13946.6746636762 	 dlt: 0.279432478817913
mae: 0.315112049928667 	rmse: 0.359312000734262 
[1] 0.0003909821
[1] 0.0001341069
[1] 1.44153e-22
[1] 1.22528e-21
[1] "2022-04-21 21:56:57 HKT"
Epoch 117 	 loss: 13941.5553760561 	 dlt: 0.279525048178613
mae: 0.315110336757982 	rmse: 0.359310676309745 
[1] 1.577754e-05
[1] 0.0003909821

Execution halted

Attaching package: ‘dplyr’

The following objects are masked from ‘package:stats’:

    filter, lag

The following objects are masked from ‘package:base’:

    intersect, setdiff, setequal, union


> dim = 2

> Y <- matrix(rnorm(N * dim), nrow = dim)

> W <- matrix(rnorm(M * dim), nrow = dim)

> aaa <- user_cpmf(read, t(Y), t(W))

> dim = 2

> Y <- matrix(rnorm(N * dim), nrow = dim)

> V <- matrix(rnorm(M * dim), nrow = dim)

> W <- matrix(rnorm(M * dim), nrow = dim)

> Ut <- user_cpmf(read, t(Y), t(W))

> loss_cpmf_aux(train, t(Y), t(V), t(W), Ut, 1, 1, 1)
[1] 26436.49

> dim = 2

> Y <- matrix(rnorm(N * dim), nrow = dim)

> V <- matrix(rnorm(M * dim), nrow = dim)

> W <- matrix(rnorm(M * dim), nrow = dim)

> Ut <- user_cpmf(read, t(Y), t(W))

> pred_cpmf(test, Ut, t(V))$mae
[1] 0.3627365
[1] 1e-05 5e-01 1e+00 5e-01
[1] 8
[1] "2022-04-22 11:28:23 HKT"
Epoch 1 	 loss: 13673.4104165639 	 dlt: 0.147161122842261
mae: 0.275395613940516 	rmse: 0.325029233686776 
[1] "2022-04-22 11:28:28 HKT"
Epoch 3 	 loss: 14498.0680277955 	 dlt: 0.21716635576581
mae: 0.202174698867572 	rmse: 0.265384301648045 
[1] "2022-04-22 11:28:32 HKT"
Epoch 5 	 loss: 20449.6840751546 	 dlt: 0.206607251054052
mae: 0.181214055537698 	rmse: 0.24265115405671 
[1] "2022-04-22 11:28:37 HKT"
Epoch 7 	 loss: 28062.7229797093 	 dlt: 0.154388061401399
mae: 0.179816108258811 	rmse: 0.243234881317533 
[1] "2022-04-22 11:28:41 HKT"
Epoch 9 	 loss: 34572.8306488801 	 dlt: 0.0958891807916027
mae: 0.180773770671675 	rmse: 0.245744600666718 
[1] "2022-04-22 11:28:46 HKT"
Epoch 11 	 loss: 39327.9754586843 	 dlt: 0.0576823301954493
mae: 0.181575534552212 	rmse: 0.247324342436372 
[1] "2022-04-22 11:28:50 HKT"
Epoch 13 	 loss: 42416.292357361 	 dlt: 0.0349645626721133
mae: 0.182910094515757 	rmse: 0.249260505937895 
[1] "2022-04-22 11:28:54 HKT"
Epoch 15 	 loss: 44409.4460774207 	 dlt: 0.0196359451254062
mae: 0.18417441448122 	rmse: 0.251025205467577 
[1] "2022-04-22 11:28:59 HKT"
Epoch 17 	 loss: 45627.5432901521 	 dlt: 0.0121974335214377
mae: 0.185382199814081 	rmse: 0.252998506989226 
[1] "2022-04-22 11:29:03 HKT"
Epoch 19 	 loss: 46441.6490657622 	 dlt: 0.00864171018108404
mae: 0.186778433922281 	rmse: 0.254642020613896 
[1] "2022-04-22 11:29:08 HKT"
Epoch 21 	 loss: 47049.4879937836 	 dlt: 0.00567860498692789
mae: 0.187186168545289 	rmse: 0.255385474216108 
[1] "2022-04-22 11:29:12 HKT"
Epoch 23 	 loss: 47588.5701953672 	 dlt: 0.00519804895478876
mae: 0.188733161673762 	rmse: 0.256938169012077 
[1] "2022-04-22 11:29:17 HKT"
Epoch 25 	 loss: 48018.3434348954 	 dlt: 0.00451534473659596
mae: 0.188587542165545 	rmse: 0.256997059731648 
[1] "2022-04-22 11:29:21 HKT"
Epoch 27 	 loss: 48374.9840026408 	 dlt: 0.00382751920702848
mae: 0.189815885546625 	rmse: 0.25850988777403 
[1] "2022-04-22 11:29:25 HKT"
Epoch 29 	 loss: 48708.2002757864 	 dlt: 0.00272210535978323
mae: 0.190297286509084 	rmse: 0.259446661349433 
[1] "2022-04-22 11:29:30 HKT"
Epoch 31 	 loss: 48916.7209420927 	 dlt: 0.00238677334359428
mae: 0.190312705045247 	rmse: 0.259554124045016 
[1] "2022-04-22 11:29:34 HKT"
Epoch 33 	 loss: 49091.8768205314 	 dlt: 0.00156501428330684
mae: 0.191578738181395 	rmse: 0.261177521746472 
[1] "2022-04-22 11:29:39 HKT"
Epoch 35 	 loss: 49369.0036988456 	 dlt: 0.00279539581366914
mae: 0.191971054268238 	rmse: 0.262056824697766 
[1] "2022-04-22 11:29:43 HKT"
Epoch 37 	 loss: 49613.4281871535 	 dlt: 0.00235809591198952
mae: 0.192474726449602 	rmse: 0.262413233903378 
[1] "2022-04-22 11:29:48 HKT"
Epoch 39 	 loss: 49786.0302881961 	 dlt: 0.0014375375715673
mae: 0.192342812306864 	rmse: 0.262605754693301 
[1] "2022-04-22 11:29:52 HKT"
Epoch 41 	 loss: 50032.3232505955 	 dlt: 0.00201213547569471
mae: 0.19306405716521 	rmse: 0.263530858202318 
[1] "2022-04-22 11:29:56 HKT"
Epoch 43 	 loss: 50234.9238124688 	 dlt: 0.00218109250538078
mae: 0.192812221074528 	rmse: 0.263617160716349 
[1] "2022-04-22 11:30:01 HKT"
Epoch 45 	 loss: 50400.1399349797 	 dlt: 0.0015232054695432
mae: 0.193745899097804 	rmse: 0.2648148953818 
[1] "2022-04-22 11:30:05 HKT"
Epoch 47 	 loss: 50593.0505147384 	 dlt: 0.00151950364489728
mae: 0.193876100069857 	rmse: 0.265320456904688 
[1] "2022-04-22 11:30:10 HKT"
Epoch 49 	 loss: 50770.8654827611 	 dlt: 0.00172631813286724
mae: 0.194835475653405 	rmse: 0.266361576312417 

Attaching package: ‘dplyr’

The following objects are masked from ‘package:stats’:

    filter, lag

The following objects are masked from ‘package:base’:

    intersect, setdiff, setequal, union

make: *** Deleting file 'user_cpmf.o'
make: *** [/home/mathxuxin/anaconda3/envs/r-env/lib/R/etc/Makeconf:177: user_cpmf.o] Interrupt
x86_64-conda-linux-gnu-c++ -std=gnu++14 -I"/home/mathxuxin/anaconda3/envs/r-env/lib/R/include" -DNDEBUG   -I"/import/home/mathxuxin/anaconda3/envs/r-env/lib/R/library/Rcpp/include" -I"/import/home/mathxuxin/nPMF/cpp" -DNDEBUG -D_FORTIFY_SOURCE=2 -O2 -isystem /home/mathxuxin/anaconda3/envs/r-env/include -I/home/mathxuxin/anaconda3/envs/r-env/include -Wl,-rpath-link,/home/mathxuxin/anaconda3/envs/r-env/lib   -fpic  -fvisibility-inlines-hidden  -fmessage-length=0 -march=nocona -mtune=haswell -ftree-vectorize -fPIC -fstack-protector-strong -fno-plt -O2 -ffunction-sections -pipe -isystem /home/mathxuxin/anaconda3/envs/r-env/include -fdebug-prefix-map=/home/conda/feedstock_root/build_artifacts/r-base-split_1642327566152/work=/usr/local/src/conda/r-base-4.1.2 -fdebug-prefix-map=/home/mathxuxin/anaconda3/envs/r-env=/usr/local/src/conda-prefix  -c user_cpmf.cpp -o user_cpmf.o
Error in sourceCpp("~/nPMF/cpp/user_cpmf.cpp") : 
  Error occurred building shared library.
Execution halted

Attaching package: ‘dplyr’

The following objects are masked from ‘package:stats’:

    filter, lag

The following objects are masked from ‘package:base’:

    intersect, setdiff, setequal, union


> dim = 2

> Y <- matrix(rnorm(N * dim), nrow = dim)

> W <- matrix(rnorm(M * dim), nrow = dim)

> aaa <- user_cpmf(read, t(Y), t(W))

> dim = 2

> Y <- matrix(rnorm(N * dim), nrow = dim)

> V <- matrix(rnorm(M * dim), nrow = dim)

> W <- matrix(rnorm(M * dim), nrow = dim)

> Ut <- user_cpmf(read, t(Y), t(W))

> loss_cpmf_aux(train, t(Y), t(V), t(W), Ut, 1, 1, 1)
[1] 26627.68

> dim = 2

> Y <- matrix(rnorm(N * dim), nrow = dim)

> V <- matrix(rnorm(M * dim), nrow = dim)

> W <- matrix(rnorm(M * dim), nrow = dim)

> Ut <- user_cpmf(read, t(Y), t(W))

> pred_cpmf(test, Ut, t(V))$mae
[1] 0.3586214
[1] 1e-04 5e-01 1e+00 5e-01
[1] 8
[1] "2022-04-22 11:38:24 HKT"
Epoch 1 	 loss: 14683.7133676226 	 dlt: 0.0841464390054995
mae: 0.275409319305995 	rmse: 0.325046216997392 
[1] "2022-04-22 11:38:28 HKT"
Epoch 3 	 loss: 62812.8463522125 	 dlt: 1.25782587484443
mae: 0.201167354504843 	rmse: 0.263428269500697 
[1] "2022-04-22 11:38:33 HKT"
Epoch 5 	 loss: 144192.936435804 	 dlt: 0.407125111539518
mae: 0.181620076990023 	rmse: 0.24266880396639 
[1] "2022-04-22 11:38:37 HKT"
Epoch 7 	 loss: 227901.937939696 	 dlt: 0.216125993594989
mae: 0.180151889713054 	rmse: 0.242938883573672 
[1] "2022-04-22 11:38:42 HKT"
Epoch 9 	 loss: 294710.998974038 	 dlt: 0.115363894216281
mae: 0.180345478000448 	rmse: 0.244216221441658 
[1] "2022-04-22 11:38:46 HKT"
Epoch 11 	 loss: 341755.064426265 	 dlt: 0.0641652740752119
mae: 0.181479596993858 	rmse: 0.245712840259484 
[1] "2022-04-22 11:38:51 HKT"
Epoch 13 	 loss: 367575.717997329 	 dlt: 0.0314221253818631
mae: 0.181909602835771 	rmse: 0.247000494085931 
[1] "2022-04-22 11:38:55 HKT"
Epoch 15 	 loss: 381206.579010026 	 dlt: 0.0154365788642739
mae: 0.183173922801234 	rmse: 0.248546216481256 
[1] "2022-04-22 11:38:59 HKT"
Epoch 17 	 loss: 388397.243788696 	 dlt: 0.00739615852086001
mae: 0.184157282774371 	rmse: 0.249773163709318 
[1] "2022-04-22 11:39:04 HKT"
Epoch 19 	 loss: 391456.515356273 	 dlt: 0.00336233374992232
mae: 0.185229727623124 	rmse: 0.251027480355895 
[1] "2022-04-22 11:39:08 HKT"
Epoch 21 	 loss: 392587.725799814 	 dlt: 0.000731889523247416
mae: 0.186065754917359 	rmse: 0.252197830888452 
[1] "2022-04-22 11:39:13 HKT"
Epoch 23 	 loss: 394691.640821521 	 dlt: 0.00414833731752315
mae: 0.186564287586668 	rmse: 0.253072229984343 
[1] "2022-04-22 11:39:17 HKT"
Epoch 25 	 loss: 396926.961013019 	 dlt: 0.00187478112083105
mae: 0.187213579276248 	rmse: 0.25401332012543 
[1] "2022-04-22 11:39:21 HKT"
Epoch 27 	 loss: 397901.892404041 	 dlt: 0.000497009927079204
mae: 0.187720677798982 	rmse: 0.254872902409594 
[1] "2022-04-22 11:39:26 HKT"
Epoch 29 	 loss: 398499.599165931 	 dlt: 0.0006527635725442
mae: 0.187975940231032 	rmse: 0.255228529210573 
[1] "2022-04-22 11:39:30 HKT"
Epoch 31 	 loss: 401215.573544055 	 dlt: 0.0027533546097941
mae: 0.189144322638141 	rmse: 0.25650885897727 
[1] "2022-04-22 11:39:35 HKT"
Epoch 33 	 loss: 401300.12875422 	 dlt: 0.000930895490005012
mae: 0.189403011411562 	rmse: 0.257144412588423 
[1] "2022-04-22 11:39:39 HKT"
Epoch 35 	 loss: 400317.8188783 	 dlt: 0.00197858525239795
mae: 0.189915249446349 	rmse: 0.257835990652212 
[1] "2022-04-22 11:39:43 HKT"
Epoch 37 	 loss: 399013.190489983 	 dlt: 0.00162869659190019
mae: 0.190295573338399 	rmse: 0.258420038147491 
[1] "2022-04-22 11:39:48 HKT"
Epoch 39 	 loss: 397300.184140397 	 dlt: 0.00241695276913449
mae: 0.190482308943052 	rmse: 0.258731064637075 
[1] "2022-04-22 11:39:52 HKT"
Epoch 41 	 loss: 396229.097472665 	 dlt: 0.00136750028308315
mae: 0.190888330395376 	rmse: 0.259463902389886 
[1] "2022-04-22 11:39:56 HKT"
Epoch 43 	 loss: 395360.292347014 	 dlt: 0.000693345988609863
mae: 0.191434831843863 	rmse: 0.260026359089448 
[1] "2022-04-22 11:40:01 HKT"
Epoch 45 	 loss: 394757.230608357 	 dlt: 0.000298424394691367
mae: 0.19185627183235 	rmse: 0.260520754890368 
[1] "2022-04-22 11:40:05 HKT"
Epoch 47 	 loss: 394495.887459331 	 dlt: 0.000658635243674542
mae: 0.192090976216183 	rmse: 0.260985406113852 
[1] "2022-04-22 11:40:10 HKT"
Epoch 49 	 loss: 394158.909353755 	 dlt: 0.000115966930894989
mae: 0.192485005473712 	rmse: 0.261614814136957 

Attaching package: ‘dplyr’

The following objects are masked from ‘package:stats’:

    filter, lag

The following objects are masked from ‘package:base’:

    intersect, setdiff, setequal, union


> dim = 2

> Y <- matrix(rnorm(N * dim), nrow = dim)

> W <- matrix(rnorm(M * dim), nrow = dim)

> aaa <- user_cpmf(read, t(Y), t(W))

> dim = 2

> Y <- matrix(rnorm(N * dim), nrow = dim)

> V <- matrix(rnorm(M * dim), nrow = dim)

> W <- matrix(rnorm(M * dim), nrow = dim)

> Ut <- user_cpmf(read, t(Y), t(W))

> loss_cpmf_aux(train, t(Y), t(V), t(W), Ut, 1, 1, 1)
[1] 26380.01

> dim = 2

> Y <- matrix(rnorm(N * dim), nrow = dim)

> V <- matrix(rnorm(M * dim), nrow = dim)

> W <- matrix(rnorm(M * dim), nrow = dim)

> Ut <- user_cpmf(read, t(Y), t(W))

> pred_cpmf(test, Ut, t(V))$mae
[1] 0.3604511
[1] 3e-05 5e-01 1e+00 5e-01
[1] 8
[1] 1.004525e-11
[1] 6.168735e-09
[1] "2022-04-22 12:03:37 HKT"
Epoch 1 	 loss: 82258.6420760556 	 dlt: 2.32962447923553e-06
mae: 0.179942882889494 	rmse: 0.243507850784702 

Execution halted

Attaching package: ‘dplyr’

The following objects are masked from ‘package:stats’:

    filter, lag

The following objects are masked from ‘package:base’:

    intersect, setdiff, setequal, union


> dim = 2

> Y <- matrix(rnorm(N * dim), nrow = dim)

> W <- matrix(rnorm(M * dim), nrow = dim)

> aaa <- user_cpmf(read, t(Y), t(W))

> dim = 2

> Y <- matrix(rnorm(N * dim), nrow = dim)

> V <- matrix(rnorm(M * dim), nrow = dim)

> W <- matrix(rnorm(M * dim), nrow = dim)

> Ut <- user_cpmf(read, t(Y), t(W))

> loss_cpmf_aux(train, t(Y), t(V), t(W), Ut, 1, 1, 1)
[1] 26525.18

> dim = 2

> Y <- matrix(rnorm(N * dim), nrow = dim)

> V <- matrix(rnorm(M * dim), nrow = dim)

> W <- matrix(rnorm(M * dim), nrow = dim)

> Ut <- user_cpmf(read, t(Y), t(W))

> pred_cpmf(test, Ut, t(V))$mae
[1] 0.360028
[1] 3e-05 5e-01 1e+00 5e-01
[1] 8
[1] 1.004525e-11
[1] 6.168735e-09
[1] "2022-04-22 13:31:24 HKT"
Epoch 1 	 loss: 82258.6420760556 	 dlt: 2.32962447923553e-06
mae: 0.179942882889494 	rmse: 0.243507850784702 

Execution halted

Attaching package: ‘dplyr’

The following objects are masked from ‘package:stats’:

    filter, lag

The following objects are masked from ‘package:base’:

    intersect, setdiff, setequal, union


> dim = 2

> Y <- matrix(rnorm(N * dim), nrow = dim)

> W <- matrix(rnorm(M * dim), nrow = dim)

> aaa <- user_cpmf(read, t(Y), t(W))

> dim = 2

> Y <- matrix(rnorm(N * dim), nrow = dim)

> V <- matrix(rnorm(M * dim), nrow = dim)

> W <- matrix(rnorm(M * dim), nrow = dim)

> Ut <- user_cpmf(read, t(Y), t(W))

> loss_cpmf_aux(train, t(Y), t(V), t(W), Ut, 1, 1, 1)
[1] 26809.72

> dim = 2

> Y <- matrix(rnorm(N * dim), nrow = dim)

> V <- matrix(rnorm(M * dim), nrow = dim)

> W <- matrix(rnorm(M * dim), nrow = dim)

> Ut <- user_cpmf(read, t(Y), t(W))

> pred_cpmf(test, Ut, t(V))$mae
[1] 0.3621694
[1] 3e-05 5e-01 1e+00 5e-01
[1] 8
[1] 6.571236e-05
[1] 0.006782231
[1] "2022-04-22 13:43:24 HKT"
Epoch 1 	 loss: 604475.523563557 	 dlt: 6.34845725758138
mae: 0.300500417157097 	rmse: 0.390171590302754 
[1] 1
[1] 1
[1] 1
[1] 1
[1] "2022-04-22 13:43:28 HKT"
Epoch 3 	 loss: 12751145748.4129 	 dlt: 144.032073082386
mae: 0.303531016098695 	rmse: 0.393007264747002 
[1] 1
[1] 1
[1] 0.001628414
[1] 0.0005585459
[1] "2022-04-22 13:43:44 HKT"
Epoch 5 	 loss: 86102.5155573899 	 dlt: 2.39328403869575e-07
mae: 0.183139659387536 	rmse: 0.249664921958689 
[1] 0.006782231
[1] 0.003323293
[1] 1
[1] 1
[1] "2022-04-22 13:43:57 HKT"
Epoch 7 	 loss: 88143.4810066546 	 dlt: 0.999994906352175
mae: 0.181955858444262 	rmse: 0.24769503421984 
[1] 4.922174e-12
[1] 0.0002736875
[1] 2.569236e-08
[1] 1.52867e-07
[1] "2022-04-22 13:44:59 HKT"
Epoch 9 	 loss: 88143.4858574525 	 dlt: 1.27302486950444e-07
mae: 0.181950718932207 	rmse: 0.24769080746343 
[1] 1
[1] 1
[1] 3.219906e-05
[1] 1
[1] "2022-04-22 13:45:12 HKT"
Epoch 11 	 loss: 85784.2266019088 	 dlt: 0.0239038300341338
mae: 0.186303885642563 	rmse: 0.25220500113699 
[1] 0.004747562
[1] 3.39917e-58
[1] 0.2401
[1] 0.343
[1] "2022-04-22 13:47:16 HKT"
Epoch 13 	 loss: 88094.9579588101 	 dlt: 0.00276190759277403
mae: 0.178243417570062 	rmse: 0.243183225133182 
[1] 1
[1] 0.49
[1] 9.38748e-05
[1] 0.0001915812
[1] "2022-04-22 13:47:36 HKT"
Epoch 15 	 loss: 89606.4383288684 	 dlt: 0.0296129726975222
mae: 0.185546664199832 	rmse: 0.253429256939004 
[1] 1
[1] 1
[1] 1.104428e-05
[1] 2.651731e-06
[1] "2022-04-22 13:48:00 HKT"
Epoch 17 	 loss: 87751.6292590367 	 dlt: 1.65621495688772e-07
mae: 0.183694726689446 	rmse: 0.24841598568876 
[1] 0.01977327
[1] 4.357284e-31
[1] 1
[1] 0.04035361
[1] "2022-04-22 13:49:11 HKT"
Epoch 19 	 loss: 90163.1723854221 	 dlt: 0.000519352789592098
mae: 0.182043230149192 	rmse: 0.246930354473483 
[1] 1
[1] 1
[1] 0.02824752

Execution halted

Attaching package: ‘dplyr’

The following objects are masked from ‘package:stats’:

    filter, lag

The following objects are masked from ‘package:base’:

    intersect, setdiff, setequal, union


> dim = 2

> Y <- matrix(rnorm(N * dim), nrow = dim)

> W <- matrix(rnorm(M * dim), nrow = dim)

> aaa <- user_cpmf(read, t(Y), t(W))

> dim = 2

> Y <- matrix(rnorm(N * dim), nrow = dim)

> V <- matrix(rnorm(M * dim), nrow = dim)

> W <- matrix(rnorm(M * dim), nrow = dim)

> Ut <- user_cpmf(read, t(Y), t(W))

> loss_cpmf_aux(train, t(Y), t(V), t(W), Ut, 1, 1, 1)
[1] 26304.99

> dim = 2

> Y <- matrix(rnorm(N * dim), nrow = dim)

> V <- matrix(rnorm(M * dim), nrow = dim)

> W <- matrix(rnorm(M * dim), nrow = dim)

> Ut <- user_cpmf(read, t(Y), t(W))

> pred_cpmf(test, Ut, t(V))$mae
[1] 0.3628941
[1] 1e-05 5e-01 1e+00 5e-01
[1] 8
[1] "2022-04-22 13:58:22 HKT"
Epoch 1 	 loss: 13889.192430188 	 dlt: 0.133702352527938
mae: 0.280278150392496 	rmse: 0.329029185239193 
[1] "2022-04-22 13:58:27 HKT"
Epoch 3 	 loss: 13455.0466346424 	 dlt: 0.125637282973958
mae: 0.197095147786806 	rmse: 0.25497146779483 
[1] "2022-04-22 13:58:31 HKT"
Epoch 5 	 loss: 20795.3206533172 	 dlt: 0.240141079738034
mae: 0.184893946168882 	rmse: 0.247553206359942 
[1] "2022-04-22 13:58:35 HKT"
Epoch 7 	 loss: 29214.3909975627 	 dlt: 0.167632989511893
mae: 0.184664381297105 	rmse: 0.249952193208172 
[1] "2022-04-22 13:58:39 HKT"
Epoch 9 	 loss: 36165.7009969842 	 dlt: 0.0988748341808002
mae: 0.184039073997113 	rmse: 0.250437973906782 
[1] "2022-04-22 13:58:43 HKT"
Epoch 11 	 loss: 41272.8777059719 	 dlt: 0.0613189062531936
mae: 0.184916217387785 	rmse: 0.252369483497071 
[1] "2022-04-22 13:58:46 HKT"
Epoch 13 	 loss: 44909.558376202 	 dlt: 0.0358764259321901
mae: 0.186009220284758 	rmse: 0.253850277824104 
[1] "2022-04-22 13:58:50 HKT"
Epoch 15 	 loss: 46911.1075519922 	 dlt: 0.0209256876494727
mae: 0.187772072919527 	rmse: 0.25561270575338 
[1] "2022-04-22 13:58:54 HKT"
Epoch 17 	 loss: 48806.105324947 	 dlt: 0.0163188754230573
mae: 0.18744143097734 	rmse: 0.256075112514629 
[1] "2022-04-22 13:58:57 HKT"
Epoch 19 	 loss: 49666.1553732927 	 dlt: 0.00536914640036078
mae: 0.193454660081372 	rmse: 0.262351568390424 
[1] "2022-04-22 13:59:01 HKT"
Epoch 21 	 loss: 50919.4023624978 	 dlt: 0.0185050247077203
mae: 0.188318574368014 	rmse: 0.256727681775518 
[1] "2022-04-22 13:59:04 HKT"
Epoch 23 	 loss: 51563.0464945764 	 dlt: 0.0558560113737835
mae: 0.189887838715391 	rmse: 0.258610747276061 
[1] "2022-04-22 13:59:08 HKT"
Epoch 25 	 loss: 51930.8342702764 	 dlt: 0.00384451349346599
mae: 0.190223620169633 	rmse: 0.259193048994811 
[1] "2022-04-22 13:59:11 HKT"
Epoch 27 	 loss: 52223.2402428607 	 dlt: 0.0026333345432321
mae: 0.191239530385784 	rmse: 0.260603306479539 
[1] "2022-04-22 13:59:15 HKT"
Epoch 29 	 loss: 52532.9808308109 	 dlt: 0.00296662412528887
mae: 0.191684954763859 	rmse: 0.260944194023745 
[1] "2022-04-22 13:59:18 HKT"
Epoch 31 	 loss: 52384.2511136878 	 dlt: 0.005968285811437
mae: 0.199416494064856 	rmse: 0.269283430482549 
[1] "2022-04-22 13:59:21 HKT"
Epoch 33 	 loss: 54298.7522566247 	 dlt: 0.0321852210152456
mae: 0.195337434664087 	rmse: 0.265142112384747 
[1] "2022-04-22 13:59:25 HKT"
Epoch 35 	 loss: 62916.0229891977 	 dlt: 0.0783936686953748
mae: 0.19962378771773 	rmse: 0.27006869458754 
[1] "2022-04-22 13:59:28 HKT"
Epoch 37 	 loss: 72308.2773117544 	 dlt: 0.0864768582004931
mae: 0.194765235655327 	rmse: 0.264207881201155 
[1] "2022-04-22 13:59:32 HKT"
Epoch 39 	 loss: 85832.0402243937 	 dlt: 0.0785544609088189
mae: 0.194126222989856 	rmse: 0.263504853578395 
[1] "2022-04-22 13:59:35 HKT"
Epoch 41 	 loss: 93900.9938726597 	 dlt: 0.0369794033222168
mae: 0.195308310762442 	rmse: 0.265173340307432 
[1] "2022-04-22 13:59:39 HKT"
Epoch 43 	 loss: 97899.8525752707 	 dlt: 0.0172195307793228
mae: 0.194647026878067 	rmse: 0.264458123974549 
[1] "2022-04-22 13:59:42 HKT"
Epoch 45 	 loss: 99763.1758406695 	 dlt: 0.00757858366634015
mae: 0.195590983925452 	rmse: 0.265452075044815 
[1] "2022-04-22 13:59:46 HKT"
Epoch 47 	 loss: 100655.682672512 	 dlt: 0.00374984457283308
mae: 0.195697200507917 	rmse: 0.265791757066332 
[1] "2022-04-22 13:59:49 HKT"
Epoch 49 	 loss: 101045.855024551 	 dlt: 0.00144101374854681
mae: 0.195734890262985 	rmse: 0.265894865663714 

Attaching package: ‘dplyr’

The following objects are masked from ‘package:stats’:

    filter, lag

The following objects are masked from ‘package:base’:

    intersect, setdiff, setequal, union


> dim = 2

> Y <- matrix(rnorm(N * dim), nrow = dim)

> W <- matrix(rnorm(M * dim), nrow = dim)

> aaa <- user_cpmf(read, t(Y), t(W))

> dim = 2

> Y <- matrix(rnorm(N * dim), nrow = dim)

> V <- matrix(rnorm(M * dim), nrow = dim)

> W <- matrix(rnorm(M * dim), nrow = dim)

> Ut <- user_cpmf(read, t(Y), t(W))

> loss_cpmf_aux(train, t(Y), t(V), t(W), Ut, 1, 1, 1)
[1] 26602.03

> dim = 2

> Y <- matrix(rnorm(N * dim), nrow = dim)

> V <- matrix(rnorm(M * dim), nrow = dim)

> W <- matrix(rnorm(M * dim), nrow = dim)

> Ut <- user_cpmf(read, t(Y), t(W))

> pred_cpmf(test, Ut, t(V))$mae
[1] 0.3596802
[1] 3e-05 5e-01 1e+00 5e-01
[1] 8
[1] 4.769045e-14
[1] 1
[1] "2022-04-22 14:07:03 HKT"
Epoch 1 	 loss: 109572.052908157 	 dlt: 0.0109067418467648
mae: 0.202534464711388 	rmse: 0.277176746882655 
[1] 0.49
[1] 1
[1] 1
[1] 1
[1] "2022-04-22 14:07:08 HKT"
Epoch 3 	 loss: 104458.494845631 	 dlt: 0.0331238072993841
mae: 0.192168068897006 	rmse: 0.261621726295014 
[1] 0.0823543
[1] 0.0823543
[1] 1
[1] 0.343
[1] "2022-04-22 14:07:16 HKT"
Epoch 5 	 loss: 103759.566685414 	 dlt: 0.00642121778877532
mae: 0.190648486499493 	rmse: 0.257581900944849 
[1] 1
[1] 1
[1] 0.0823543
[1] 0.004747562
[1] "2022-04-22 14:07:27 HKT"
Epoch 7 	 loss: 101779.515313225 	 dlt: 1.65611201577698e-05
mae: 0.204362417832189 	rmse: 0.274570277704307 
[1] 0.04035361
[1] 0.009688901
[1] 0.009688901
[1] 3.572245e-21
[1] "2022-04-22 14:08:21 HKT"
Epoch 9 	 loss: 101781.096833592 	 dlt: 2.61929350008907e-05
mae: 0.201749832537704 	rmse: 0.270777878855235 
[1] 0.004747562
[1] 6.366806e-07
[1] 2.569236e-08
[1] 6.571236e-05
[1] "2022-04-22 14:09:03 HKT"
Epoch 11 	 loss: 17971970928.1379 	 dlt: 176571.761875732
mae: 0.312432650977468 	rmse: 0.404165179524373 
[1] 1
[1] 1
[1] 1
[1] 0.49
[1] "2022-04-22 14:09:07 HKT"
Epoch 13 	 loss: 104981.379692879 	 dlt: 0.0109004111377865
mae: 0.186449505150781 	rmse: 0.251705237346836 
[1] 0.0007979227
[1] 0.001628414
[1] 0.0007979227

Execution halted
